{"/Users/basters/dev/frontend/firestitch/schematics/src/list/base/index.js":{"path":"/Users/basters/dev/frontend/firestitch/schematics/src/list/base/index.js","statementMap":{"0":{"start":{"line":2,"column":0},"end":{"line":2,"column":62}},"1":{"start":{"line":3,"column":21},"end":{"line":3,"column":58}},"2":{"start":{"line":4,"column":15},"end":{"line":4,"column":46}},"3":{"start":{"line":5,"column":26},"end":{"line":5,"column":64}},"4":{"start":{"line":6,"column":29},"end":{"line":6,"column":70}},"5":{"start":{"line":7,"column":25},"end":{"line":7,"column":69}},"6":{"start":{"line":8,"column":24},"end":{"line":8,"column":60}},"7":{"start":{"line":10,"column":4},"end":{"line":12,"column":5}},"8":{"start":{"line":11,"column":8},"end":{"line":11,"column":107}},"9":{"start":{"line":11,"column":43},"end":{"line":11,"column":105}},"10":{"start":{"line":13,"column":4},"end":{"line":15,"column":5}},"11":{"start":{"line":14,"column":8},"end":{"line":14,"column":105}},"12":{"start":{"line":14,"column":43},"end":{"line":14,"column":103}},"13":{"start":{"line":16,"column":4},"end":{"line":16,"column":62}},"14":{"start":{"line":16,"column":39},"end":{"line":16,"column":60}},"15":{"start":{"line":21,"column":4},"end":{"line":51,"column":6}},"16":{"start":{"line":22,"column":26},"end":{"line":22,"column":60}},"17":{"start":{"line":23,"column":23},"end":{"line":23,"column":49}},"18":{"start":{"line":24,"column":8},"end":{"line":26,"column":9}},"19":{"start":{"line":25,"column":12},"end":{"line":25,"column":64}},"20":{"start":{"line":27,"column":8},"end":{"line":29,"column":9}},"21":{"start":{"line":28,"column":12},"end":{"line":28,"column":34}},"22":{"start":{"line":30,"column":8},"end":{"line":30,"column":89}},"23":{"start":{"line":31,"column":8},"end":{"line":31,"column":58}},"24":{"start":{"line":32,"column":8},"end":{"line":32,"column":72}},"25":{"start":{"line":33,"column":32},"end":{"line":33,"column":70}},"26":{"start":{"line":34,"column":8},"end":{"line":34,"column":88}},"27":{"start":{"line":35,"column":31},"end":{"line":40,"column":10}},"28":{"start":{"line":38,"column":20},"end":{"line":38,"column":64}},"29":{"start":{"line":41,"column":32},"end":{"line":41,"column":65}},"30":{"start":{"line":42,"column":21},"end":{"line":49,"column":10}},"31":{"start":{"line":50,"column":8},"end":{"line":50,"column":36}},"32":{"start":{"line":53,"column":0},"end":{"line":53,"column":20}}},"fnMap":{"0":{"name":"filterTemplates","decl":{"start":{"line":9,"column":9},"end":{"line":9,"column":24}},"loc":{"start":{"line":9,"column":34},"end":{"line":17,"column":1}},"line":9},"1":{"name":"(anonymous_1)","decl":{"start":{"line":11,"column":35},"end":{"line":11,"column":36}},"loc":{"start":{"line":11,"column":43},"end":{"line":11,"column":105}},"line":11},"2":{"name":"(anonymous_2)","decl":{"start":{"line":14,"column":35},"end":{"line":14,"column":36}},"loc":{"start":{"line":14,"column":43},"end":{"line":14,"column":103}},"line":14},"3":{"name":"(anonymous_3)","decl":{"start":{"line":16,"column":31},"end":{"line":16,"column":32}},"loc":{"start":{"line":16,"column":39},"end":{"line":16,"column":60}},"line":16},"4":{"name":"base","decl":{"start":{"line":20,"column":9},"end":{"line":20,"column":13}},"loc":{"start":{"line":20,"column":23},"end":{"line":52,"column":1}},"line":20},"5":{"name":"(anonymous_5)","decl":{"start":{"line":21,"column":11},"end":{"line":21,"column":12}},"loc":{"start":{"line":21,"column":31},"end":{"line":51,"column":5}},"line":21},"6":{"name":"(anonymous_6)","decl":{"start":{"line":38,"column":12},"end":{"line":38,"column":13}},"loc":{"start":{"line":38,"column":18},"end":{"line":38,"column":66}},"line":38}},"branchMap":{"0":{"loc":{"start":{"line":10,"column":4},"end":{"line":12,"column":5}},"type":"if","locations":[{"start":{"line":10,"column":4},"end":{"line":12,"column":5}},{"start":{"line":10,"column":4},"end":{"line":12,"column":5}}],"line":10},"1":{"loc":{"start":{"line":11,"column":43},"end":{"line":11,"column":105}},"type":"binary-expr","locations":[{"start":{"line":11,"column":43},"end":{"line":11,"column":64}},{"start":{"line":11,"column":68},"end":{"line":11,"column":105}}],"line":11},"2":{"loc":{"start":{"line":13,"column":4},"end":{"line":15,"column":5}},"type":"if","locations":[{"start":{"line":13,"column":4},"end":{"line":15,"column":5}},{"start":{"line":13,"column":4},"end":{"line":15,"column":5}}],"line":13},"3":{"loc":{"start":{"line":14,"column":43},"end":{"line":14,"column":103}},"type":"binary-expr","locations":[{"start":{"line":14,"column":43},"end":{"line":14,"column":64}},{"start":{"line":14,"column":68},"end":{"line":14,"column":103}}],"line":14},"4":{"loc":{"start":{"line":24,"column":8},"end":{"line":26,"column":9}},"type":"if","locations":[{"start":{"line":24,"column":8},"end":{"line":26,"column":9}},{"start":{"line":24,"column":8},"end":{"line":26,"column":9}}],"line":24},"5":{"loc":{"start":{"line":27,"column":8},"end":{"line":29,"column":9}},"type":"if","locations":[{"start":{"line":27,"column":8},"end":{"line":29,"column":9}},{"start":{"line":27,"column":8},"end":{"line":29,"column":9}}],"line":27},"6":{"loc":{"start":{"line":46,"column":16},"end":{"line":46,"column":111}},"type":"cond-expr","locations":[{"start":{"line":46,"column":34},"end":{"line":46,"column":89}},{"start":{"line":46,"column":92},"end":{"line":46,"column":111}}],"line":46},"7":{"loc":{"start":{"line":47,"column":16},"end":{"line":47,"column":139}},"type":"cond-expr","locations":[{"start":{"line":47,"column":34},"end":{"line":47,"column":117}},{"start":{"line":47,"column":120},"end":{"line":47,"column":139}}],"line":47}},"s":{"0":1,"1":1,"2":1,"3":1,"4":1,"5":1,"6":1,"7":2,"8":2,"9":8,"10":0,"11":0,"12":0,"13":0,"14":0,"15":2,"16":2,"17":2,"18":2,"19":2,"20":2,"21":2,"22":2,"23":2,"24":2,"25":2,"26":2,"27":2,"28":2,"29":2,"30":2,"31":2,"32":1},"f":{"0":2,"1":8,"2":0,"3":0,"4":2,"5":2,"6":2},"b":{"0":[2,0],"1":[8,8],"2":[0,0],"3":[0,0],"4":[2,0],"5":[2,0],"6":[0,2],"7":[0,2]},"_coverageSchema":"43e27e138ebf9cfc5966b082cf9a028302ed4184","hash":"502efbf5fbb47f22d4bc6bd8da4762cfdadea386","contentHash":"6b99b0183110d3da6fd8a72d0a2e288364931dac85a48df9a6d53ceda6812667"},"/Users/basters/dev/frontend/firestitch/schematics/src/utils/ng-module-utils.js":{"path":"/Users/basters/dev/frontend/firestitch/schematics/src/utils/ng-module-utils.js","statementMap":{"0":{"start":{"line":2,"column":19},"end":{"line":8,"column":1}},"1":{"start":{"line":3,"column":4},"end":{"line":3,"column":42}},"2":{"start":{"line":3,"column":31},"end":{"line":3,"column":42}},"3":{"start":{"line":4,"column":17},"end":{"line":4,"column":19}},"4":{"start":{"line":5,"column":4},"end":{"line":5,"column":99}},"5":{"start":{"line":5,"column":21},"end":{"line":5,"column":99}},"6":{"start":{"line":5,"column":40},"end":{"line":5,"column":99}},"7":{"start":{"line":5,"column":80},"end":{"line":5,"column":99}},"8":{"start":{"line":6,"column":4},"end":{"line":6,"column":28}},"9":{"start":{"line":7,"column":4},"end":{"line":7,"column":18}},"10":{"start":{"line":9,"column":0},"end":{"line":9,"column":62}},"11":{"start":{"line":17,"column":21},"end":{"line":17,"column":58}},"12":{"start":{"line":18,"column":32},"end":{"line":18,"column":66}},"13":{"start":{"line":19,"column":11},"end":{"line":19,"column":46}},"14":{"start":{"line":20,"column":15},"end":{"line":20,"column":46}},"15":{"start":{"line":21,"column":32},"end":{"line":21,"column":46}},"16":{"start":{"line":23,"column":22},"end":{"line":23,"column":72}},"17":{"start":{"line":24,"column":20},"end":{"line":24,"column":68}},"18":{"start":{"line":25,"column":17},"end":{"line":25,"column":62}},"19":{"start":{"line":26,"column":22},"end":{"line":26,"column":72}},"20":{"start":{"line":27,"column":24},"end":{"line":27,"column":50}},"21":{"start":{"line":28,"column":25},"end":{"line":28,"column":59}},"22":{"start":{"line":29,"column":20},"end":{"line":29,"column":43}},"23":{"start":{"line":31,"column":4},"end":{"line":37,"column":6}},"24":{"start":{"line":32,"column":8},"end":{"line":32,"column":38}},"25":{"start":{"line":33,"column":8},"end":{"line":35,"column":9}},"26":{"start":{"line":34,"column":12},"end":{"line":34,"column":37}},"27":{"start":{"line":36,"column":8},"end":{"line":36,"column":20}},"28":{"start":{"line":39,"column":0},"end":{"line":39,"column":60}},"29":{"start":{"line":41,"column":4},"end":{"line":44,"column":6}},"30":{"start":{"line":42,"column":8},"end":{"line":42,"column":44}},"31":{"start":{"line":43,"column":8},"end":{"line":43,"column":20}},"32":{"start":{"line":46,"column":0},"end":{"line":46,"column":72}},"33":{"start":{"line":48,"column":4},"end":{"line":51,"column":6}},"34":{"start":{"line":49,"column":8},"end":{"line":49,"column":52}},"35":{"start":{"line":50,"column":8},"end":{"line":50,"column":20}},"36":{"start":{"line":53,"column":0},"end":{"line":53,"column":88}},"37":{"start":{"line":55,"column":4},"end":{"line":58,"column":6}},"38":{"start":{"line":56,"column":8},"end":{"line":56,"column":45}},"39":{"start":{"line":57,"column":8},"end":{"line":57,"column":20}},"40":{"start":{"line":60,"column":0},"end":{"line":60,"column":70}},"41":{"start":{"line":62,"column":4},"end":{"line":65,"column":6}},"42":{"start":{"line":63,"column":8},"end":{"line":63,"column":45}},"43":{"start":{"line":64,"column":8},"end":{"line":64,"column":20}},"44":{"start":{"line":67,"column":0},"end":{"line":67,"column":68}},"45":{"start":{"line":69,"column":4},"end":{"line":72,"column":6}},"46":{"start":{"line":70,"column":8},"end":{"line":70,"column":45}},"47":{"start":{"line":71,"column":8},"end":{"line":71,"column":20}},"48":{"start":{"line":74,"column":0},"end":{"line":74,"column":74}},"49":{"start":{"line":76,"column":4},"end":{"line":79,"column":6}},"50":{"start":{"line":77,"column":8},"end":{"line":77,"column":44}},"51":{"start":{"line":78,"column":8},"end":{"line":78,"column":20}},"52":{"start":{"line":81,"column":0},"end":{"line":81,"column":64}},"53":{"start":{"line":83,"column":4},"end":{"line":86,"column":6}},"54":{"start":{"line":84,"column":8},"end":{"line":84,"column":53}},"55":{"start":{"line":85,"column":8},"end":{"line":85,"column":20}},"56":{"start":{"line":88,"column":0},"end":{"line":88,"column":52}},"57":{"start":{"line":90,"column":19},"end":{"line":90,"column":67}},"58":{"start":{"line":91,"column":4},"end":{"line":93,"column":5}},"59":{"start":{"line":92,"column":8},"end":{"line":92,"column":72}},"60":{"start":{"line":94,"column":17},"end":{"line":94,"column":42}},"61":{"start":{"line":95,"column":4},"end":{"line":97,"column":5}},"62":{"start":{"line":96,"column":8},"end":{"line":96,"column":93}},"63":{"start":{"line":98,"column":23},"end":{"line":98,"column":45}},"64":{"start":{"line":99,"column":4},"end":{"line":99,"column":98}},"65":{"start":{"line":100,"column":30},"end":{"line":100,"column":35}},"66":{"start":{"line":102,"column":32},"end":{"line":102,"column":71}},"67":{"start":{"line":103,"column":22},"end":{"line":103,"column":96}},"68":{"start":{"line":104,"column":26},"end":{"line":104,"column":48}},"69":{"start":{"line":105,"column":4},"end":{"line":110,"column":5}},"70":{"start":{"line":106,"column":28},"end":{"line":106,"column":48}},"71":{"start":{"line":107,"column":8},"end":{"line":109,"column":9}},"72":{"start":{"line":108,"column":12},"end":{"line":108,"column":39}},"73":{"start":{"line":111,"column":4},"end":{"line":123,"column":5}},"74":{"start":{"line":112,"column":8},"end":{"line":112,"column":60}},"75":{"start":{"line":114,"column":9},"end":{"line":123,"column":5}},"76":{"start":{"line":115,"column":8},"end":{"line":116,"column":50}},"77":{"start":{"line":119,"column":8},"end":{"line":122,"column":27}},"78":{"start":{"line":124,"column":4},"end":{"line":124,"column":89}},"79":{"start":{"line":125,"column":4},"end":{"line":127,"column":5}},"80":{"start":{"line":126,"column":8},"end":{"line":126,"column":75}},"81":{"start":{"line":128,"column":4},"end":{"line":128,"column":77}},"82":{"start":{"line":129,"column":4},"end":{"line":129,"column":18}},"83":{"start":{"line":132,"column":19},"end":{"line":132,"column":67}},"84":{"start":{"line":133,"column":4},"end":{"line":135,"column":5}},"85":{"start":{"line":134,"column":8},"end":{"line":134,"column":72}},"86":{"start":{"line":136,"column":17},"end":{"line":136,"column":42}},"87":{"start":{"line":137,"column":4},"end":{"line":139,"column":5}},"88":{"start":{"line":138,"column":8},"end":{"line":138,"column":93}},"89":{"start":{"line":140,"column":23},"end":{"line":140,"column":45}},"90":{"start":{"line":141,"column":4},"end":{"line":141,"column":98}},"91":{"start":{"line":142,"column":30},"end":{"line":142,"column":35}},"92":{"start":{"line":143,"column":4},"end":{"line":152,"column":7}},"93":{"start":{"line":146,"column":8},"end":{"line":151,"column":9}},"94":{"start":{"line":147,"column":32},"end":{"line":147,"column":51}},"95":{"start":{"line":148,"column":12},"end":{"line":150,"column":13}},"96":{"start":{"line":149,"column":16},"end":{"line":149,"column":43}},"97":{"start":{"line":153,"column":4},"end":{"line":153,"column":13}},"98":{"start":{"line":157,"column":4},"end":{"line":157,"column":47}},"99":{"start":{"line":163,"column":4},"end":{"line":163,"column":102}},"100":{"start":{"line":164,"column":4},"end":{"line":164,"column":75}},"101":{"start":{"line":165,"column":4},"end":{"line":165,"column":18}},"102":{"start":{"line":168,"column":4},"end":{"line":170,"column":5}},"103":{"start":{"line":169,"column":8},"end":{"line":169,"column":79}},"104":{"start":{"line":171,"column":19},"end":{"line":171,"column":67}},"105":{"start":{"line":172,"column":17},"end":{"line":172,"column":49}},"106":{"start":{"line":173,"column":4},"end":{"line":175,"column":5}},"107":{"start":{"line":174,"column":8},"end":{"line":174,"column":80}},"108":{"start":{"line":176,"column":23},"end":{"line":176,"column":45}},"109":{"start":{"line":177,"column":4},"end":{"line":177,"column":105}},"110":{"start":{"line":178,"column":25},"end":{"line":178,"column":37}},"111":{"start":{"line":179,"column":4},"end":{"line":179,"column":94}},"112":{"start":{"line":180,"column":4},"end":{"line":180,"column":75}},"113":{"start":{"line":181,"column":4},"end":{"line":181,"column":18}},"114":{"start":{"line":184,"column":4},"end":{"line":186,"column":5}},"115":{"start":{"line":185,"column":8},"end":{"line":185,"column":72}},"116":{"start":{"line":187,"column":19},"end":{"line":187,"column":67}},"117":{"start":{"line":188,"column":17},"end":{"line":188,"column":42}},"118":{"start":{"line":189,"column":4},"end":{"line":191,"column":5}},"119":{"start":{"line":190,"column":8},"end":{"line":190,"column":93}},"120":{"start":{"line":192,"column":23},"end":{"line":192,"column":45}},"121":{"start":{"line":193,"column":4},"end":{"line":193,"column":98}},"122":{"start":{"line":194,"column":25},"end":{"line":194,"column":37}},"123":{"start":{"line":195,"column":4},"end":{"line":195,"column":94}},"124":{"start":{"line":196,"column":4},"end":{"line":196,"column":75}},"125":{"start":{"line":197,"column":4},"end":{"line":197,"column":18}},"126":{"start":{"line":200,"column":23},"end":{"line":200,"column":58}},"127":{"start":{"line":201,"column":19},"end":{"line":201,"column":78}},"128":{"start":{"line":202,"column":4},"end":{"line":204,"column":5}},"129":{"start":{"line":203,"column":8},"end":{"line":203,"column":85}},"130":{"start":{"line":205,"column":19},"end":{"line":205,"column":67}},"131":{"start":{"line":206,"column":17},"end":{"line":206,"column":38}},"132":{"start":{"line":207,"column":4},"end":{"line":209,"column":5}},"133":{"start":{"line":208,"column":8},"end":{"line":208,"column":89}},"134":{"start":{"line":210,"column":23},"end":{"line":210,"column":45}},"135":{"start":{"line":211,"column":4},"end":{"line":211,"column":94}},"136":{"start":{"line":212,"column":4},"end":{"line":212,"column":80}},"137":{"start":{"line":213,"column":4},"end":{"line":213,"column":18}},"138":{"start":{"line":216,"column":4},"end":{"line":218,"column":5}},"139":{"start":{"line":217,"column":8},"end":{"line":217,"column":79}},"140":{"start":{"line":219,"column":19},"end":{"line":219,"column":67}},"141":{"start":{"line":220,"column":17},"end":{"line":220,"column":49}},"142":{"start":{"line":221,"column":4},"end":{"line":223,"column":5}},"143":{"start":{"line":222,"column":8},"end":{"line":222,"column":100}},"144":{"start":{"line":224,"column":23},"end":{"line":224,"column":45}},"145":{"start":{"line":225,"column":4},"end":{"line":225,"column":105}},"146":{"start":{"line":226,"column":30},"end":{"line":226,"column":35}},"147":{"start":{"line":228,"column":32},"end":{"line":228,"column":71}},"148":{"start":{"line":229,"column":22},"end":{"line":229,"column":96}},"149":{"start":{"line":230,"column":26},"end":{"line":230,"column":48}},"150":{"start":{"line":231,"column":4},"end":{"line":236,"column":5}},"151":{"start":{"line":232,"column":28},"end":{"line":232,"column":48}},"152":{"start":{"line":233,"column":8},"end":{"line":235,"column":9}},"153":{"start":{"line":234,"column":12},"end":{"line":234,"column":39}},"154":{"start":{"line":237,"column":4},"end":{"line":249,"column":5}},"155":{"start":{"line":238,"column":8},"end":{"line":238,"column":60}},"156":{"start":{"line":240,"column":9},"end":{"line":249,"column":5}},"157":{"start":{"line":241,"column":8},"end":{"line":242,"column":50}},"158":{"start":{"line":245,"column":8},"end":{"line":248,"column":27}},"159":{"start":{"line":250,"column":4},"end":{"line":250,"column":95}},"160":{"start":{"line":251,"column":4},"end":{"line":253,"column":5}},"161":{"start":{"line":252,"column":8},"end":{"line":252,"column":75}},"162":{"start":{"line":254,"column":4},"end":{"line":254,"column":77}},"163":{"start":{"line":255,"column":4},"end":{"line":255,"column":18}},"164":{"start":{"line":258,"column":19},"end":{"line":258,"column":58}},"165":{"start":{"line":259,"column":4},"end":{"line":259,"column":78}},"166":{"start":{"line":260,"column":4},"end":{"line":260,"column":18}},"167":{"start":{"line":263,"column":20},"end":{"line":265,"column":60}},"168":{"start":{"line":266,"column":23},"end":{"line":266,"column":43}},"169":{"start":{"line":267,"column":31},"end":{"line":267,"column":139}},"170":{"start":{"line":268,"column":32},"end":{"line":268,"column":60}},"171":{"start":{"line":269,"column":4},"end":{"line":273,"column":5}},"172":{"start":{"line":270,"column":8},"end":{"line":272,"column":9}},"173":{"start":{"line":271,"column":12},"end":{"line":271,"column":69}},"174":{"start":{"line":274,"column":4},"end":{"line":274,"column":43}},"175":{"start":{"line":277,"column":20},"end":{"line":279,"column":60}},"176":{"start":{"line":280,"column":23},"end":{"line":280,"column":43}},"177":{"start":{"line":281,"column":31},"end":{"line":281,"column":142}},"178":{"start":{"line":282,"column":32},"end":{"line":282,"column":60}},"179":{"start":{"line":283,"column":4},"end":{"line":287,"column":5}},"180":{"start":{"line":284,"column":8},"end":{"line":286,"column":9}},"181":{"start":{"line":285,"column":12},"end":{"line":285,"column":69}},"182":{"start":{"line":288,"column":4},"end":{"line":288,"column":43}},"183":{"start":{"line":291,"column":20},"end":{"line":291,"column":63}},"184":{"start":{"line":292,"column":23},"end":{"line":292,"column":43}},"185":{"start":{"line":293,"column":31},"end":{"line":293,"column":136}},"186":{"start":{"line":294,"column":32},"end":{"line":294,"column":60}},"187":{"start":{"line":295,"column":4},"end":{"line":299,"column":5}},"188":{"start":{"line":296,"column":8},"end":{"line":298,"column":9}},"189":{"start":{"line":297,"column":12},"end":{"line":297,"column":69}},"190":{"start":{"line":300,"column":4},"end":{"line":300,"column":43}},"191":{"start":{"line":303,"column":20},"end":{"line":303,"column":64}},"192":{"start":{"line":304,"column":23},"end":{"line":304,"column":43}},"193":{"start":{"line":305,"column":31},"end":{"line":305,"column":136}},"194":{"start":{"line":306,"column":32},"end":{"line":306,"column":60}},"195":{"start":{"line":307,"column":4},"end":{"line":311,"column":5}},"196":{"start":{"line":308,"column":8},"end":{"line":310,"column":9}},"197":{"start":{"line":309,"column":12},"end":{"line":309,"column":69}},"198":{"start":{"line":312,"column":4},"end":{"line":312,"column":43}},"199":{"start":{"line":315,"column":20},"end":{"line":315,"column":65}},"200":{"start":{"line":316,"column":30},"end":{"line":316,"column":57}},"201":{"start":{"line":317,"column":31},"end":{"line":317,"column":147}},"202":{"start":{"line":318,"column":4},"end":{"line":326,"column":5}},"203":{"start":{"line":319,"column":36},"end":{"line":319,"column":71}},"204":{"start":{"line":320,"column":8},"end":{"line":324,"column":9}},"205":{"start":{"line":321,"column":12},"end":{"line":323,"column":13}},"206":{"start":{"line":322,"column":16},"end":{"line":322,"column":73}},"207":{"start":{"line":325,"column":8},"end":{"line":325,"column":47}},"208":{"start":{"line":329,"column":23},"end":{"line":329,"column":58}},"209":{"start":{"line":330,"column":17},"end":{"line":330,"column":38}},"210":{"start":{"line":331,"column":4},"end":{"line":333,"column":5}},"211":{"start":{"line":332,"column":8},"end":{"line":332,"column":89}},"212":{"start":{"line":334,"column":23},"end":{"line":334,"column":45}},"213":{"start":{"line":335,"column":19},"end":{"line":335,"column":92}},"214":{"start":{"line":336,"column":29},"end":{"line":339,"column":20}},"215":{"start":{"line":340,"column":25},"end":{"line":340,"column":86}},"216":{"start":{"line":341,"column":20},"end":{"line":341,"column":133}},"217":{"start":{"line":342,"column":21},"end":{"line":342,"column":49}},"218":{"start":{"line":343,"column":4},"end":{"line":347,"column":5}},"219":{"start":{"line":344,"column":8},"end":{"line":346,"column":9}},"220":{"start":{"line":345,"column":12},"end":{"line":345,"column":58}},"221":{"start":{"line":348,"column":4},"end":{"line":348,"column":32}},"222":{"start":{"line":351,"column":30},"end":{"line":351,"column":113}},"223":{"start":{"line":352,"column":17},"end":{"line":352,"column":45}},"224":{"start":{"line":353,"column":4},"end":{"line":355,"column":5}},"225":{"start":{"line":354,"column":8},"end":{"line":354,"column":96}},"226":{"start":{"line":356,"column":23},"end":{"line":356,"column":45}},"227":{"start":{"line":357,"column":19},"end":{"line":357,"column":99}},"228":{"start":{"line":358,"column":20},"end":{"line":358,"column":156}},"229":{"start":{"line":359,"column":32},"end":{"line":359,"column":67}},"230":{"start":{"line":360,"column":4},"end":{"line":364,"column":5}},"231":{"start":{"line":361,"column":8},"end":{"line":363,"column":9}},"232":{"start":{"line":362,"column":12},"end":{"line":362,"column":69}},"233":{"start":{"line":365,"column":4},"end":{"line":365,"column":43}},"234":{"start":{"line":368,"column":20},"end":{"line":368,"column":43}},"235":{"start":{"line":369,"column":27},"end":{"line":369,"column":173}},"236":{"start":{"line":370,"column":4},"end":{"line":378,"column":5}},"237":{"start":{"line":371,"column":36},"end":{"line":371,"column":75}},"238":{"start":{"line":372,"column":8},"end":{"line":376,"column":9}},"239":{"start":{"line":373,"column":12},"end":{"line":375,"column":13}},"240":{"start":{"line":374,"column":16},"end":{"line":374,"column":73}},"241":{"start":{"line":377,"column":8},"end":{"line":377,"column":47}},"242":{"start":{"line":381,"column":20},"end":{"line":381,"column":59}},"243":{"start":{"line":382,"column":23},"end":{"line":382,"column":43}},"244":{"start":{"line":383,"column":26},"end":{"line":383,"column":129}},"245":{"start":{"line":384,"column":27},"end":{"line":384,"column":55}},"246":{"start":{"line":385,"column":4},"end":{"line":389,"column":5}},"247":{"start":{"line":386,"column":8},"end":{"line":388,"column":9}},"248":{"start":{"line":387,"column":12},"end":{"line":387,"column":64}},"249":{"start":{"line":390,"column":4},"end":{"line":390,"column":38}},"250":{"start":{"line":393,"column":4},"end":{"line":410,"column":6}},"251":{"start":{"line":394,"column":8},"end":{"line":394,"column":17}},"252":{"start":{"line":395,"column":27},"end":{"line":395,"column":62}},"253":{"start":{"line":396,"column":8},"end":{"line":399,"column":9}},"254":{"start":{"line":397,"column":12},"end":{"line":397,"column":21}},"255":{"start":{"line":398,"column":12},"end":{"line":398,"column":40}},"256":{"start":{"line":400,"column":24},"end":{"line":400,"column":80}},"257":{"start":{"line":401,"column":30},"end":{"line":401,"column":124}},"258":{"start":{"line":402,"column":31},"end":{"line":402,"column":59}},"259":{"start":{"line":403,"column":8},"end":{"line":407,"column":9}},"260":{"start":{"line":404,"column":12},"end":{"line":406,"column":13}},"261":{"start":{"line":405,"column":16},"end":{"line":405,"column":68}},"262":{"start":{"line":408,"column":8},"end":{"line":408,"column":42}},"263":{"start":{"line":409,"column":8},"end":{"line":409,"column":20}},"264":{"start":{"line":412,"column":0},"end":{"line":412,"column":42}}},"fnMap":{"0":{"name":"(anonymous_0)","decl":{"start":{"line":2,"column":50},"end":{"line":2,"column":51}},"loc":{"start":{"line":2,"column":65},"end":{"line":8,"column":1}},"line":2},"1":{"name":"addDeclarationToNgModule","decl":{"start":{"line":30,"column":9},"end":{"line":30,"column":33}},"loc":{"start":{"line":30,"column":52},"end":{"line":38,"column":1}},"line":30},"2":{"name":"(anonymous_2)","decl":{"start":{"line":31,"column":11},"end":{"line":31,"column":12}},"loc":{"start":{"line":31,"column":21},"end":{"line":37,"column":5}},"line":31},"3":{"name":"addModuleDeclarationToNgModule","decl":{"start":{"line":40,"column":9},"end":{"line":40,"column":39}},"loc":{"start":{"line":40,"column":49},"end":{"line":45,"column":1}},"line":40},"4":{"name":"(anonymous_4)","decl":{"start":{"line":41,"column":11},"end":{"line":41,"column":12}},"loc":{"start":{"line":41,"column":21},"end":{"line":44,"column":5}},"line":41},"5":{"name":"addEntryComponentDeclarationToNgModule","decl":{"start":{"line":47,"column":9},"end":{"line":47,"column":47}},"loc":{"start":{"line":47,"column":66},"end":{"line":52,"column":1}},"line":47},"6":{"name":"(anonymous_6)","decl":{"start":{"line":48,"column":11},"end":{"line":48,"column":12}},"loc":{"start":{"line":48,"column":21},"end":{"line":51,"column":5}},"line":48},"7":{"name":"addDeclarationToRoutingModule","decl":{"start":{"line":54,"column":9},"end":{"line":54,"column":38}},"loc":{"start":{"line":54,"column":48},"end":{"line":59,"column":1}},"line":54},"8":{"name":"(anonymous_8)","decl":{"start":{"line":55,"column":11},"end":{"line":55,"column":12}},"loc":{"start":{"line":55,"column":21},"end":{"line":58,"column":5}},"line":55},"9":{"name":"addServiceProviderToNgModule","decl":{"start":{"line":61,"column":9},"end":{"line":61,"column":37}},"loc":{"start":{"line":61,"column":47},"end":{"line":66,"column":1}},"line":61},"10":{"name":"(anonymous_10)","decl":{"start":{"line":62,"column":11},"end":{"line":62,"column":12}},"loc":{"start":{"line":62,"column":21},"end":{"line":65,"column":5}},"line":62},"11":{"name":"addResolveDeclarationToNgModule","decl":{"start":{"line":68,"column":9},"end":{"line":68,"column":40}},"loc":{"start":{"line":68,"column":50},"end":{"line":73,"column":1}},"line":68},"12":{"name":"(anonymous_12)","decl":{"start":{"line":69,"column":11},"end":{"line":69,"column":12}},"loc":{"start":{"line":69,"column":21},"end":{"line":72,"column":5}},"line":69},"13":{"name":"addDialogToParentComponent","decl":{"start":{"line":75,"column":9},"end":{"line":75,"column":35}},"loc":{"start":{"line":75,"column":45},"end":{"line":80,"column":1}},"line":75},"14":{"name":"(anonymous_14)","decl":{"start":{"line":76,"column":11},"end":{"line":76,"column":12}},"loc":{"start":{"line":76,"column":21},"end":{"line":79,"column":5}},"line":76},"15":{"name":"addResolverToRouting","decl":{"start":{"line":82,"column":9},"end":{"line":82,"column":29}},"loc":{"start":{"line":82,"column":39},"end":{"line":87,"column":1}},"line":82},"16":{"name":"(anonymous_16)","decl":{"start":{"line":83,"column":11},"end":{"line":83,"column":12}},"loc":{"start":{"line":83,"column":21},"end":{"line":86,"column":5}},"line":83},"17":{"name":"createAddToModuleContext","decl":{"start":{"line":89,"column":9},"end":{"line":89,"column":33}},"loc":{"start":{"line":89,"column":49},"end":{"line":130,"column":1}},"line":89},"18":{"name":"createServiceToModuleContext","decl":{"start":{"line":131,"column":9},"end":{"line":131,"column":37}},"loc":{"start":{"line":131,"column":53},"end":{"line":166,"column":1}},"line":131},"19":{"name":"(anonymous_19)","decl":{"start":{"line":145,"column":15},"end":{"line":145,"column":16}},"loc":{"start":{"line":145,"column":27},"end":{"line":152,"column":5}},"line":145},"20":{"name":"createResolverToRoutingContext","decl":{"start":{"line":167,"column":9},"end":{"line":167,"column":39}},"loc":{"start":{"line":167,"column":55},"end":{"line":182,"column":1}},"line":167},"21":{"name":"createResolverToModuleContext","decl":{"start":{"line":183,"column":9},"end":{"line":183,"column":38}},"loc":{"start":{"line":183,"column":54},"end":{"line":198,"column":1}},"line":183},"22":{"name":"createUpdatingIndexContext","decl":{"start":{"line":199,"column":9},"end":{"line":199,"column":35}},"loc":{"start":{"line":199,"column":66},"end":{"line":214,"column":1}},"line":199},"23":{"name":"readTest","decl":{"start":{"line":215,"column":9},"end":{"line":215,"column":17}},"loc":{"start":{"line":215,"column":33},"end":{"line":256,"column":1}},"line":215},"24":{"name":"createAddSecondLevelToModuleContext","decl":{"start":{"line":257,"column":9},"end":{"line":257,"column":44}},"loc":{"start":{"line":257,"column":60},"end":{"line":261,"column":1}},"line":257},"25":{"name":"addDeclaration","decl":{"start":{"line":262,"column":9},"end":{"line":262,"column":23}},"loc":{"start":{"line":262,"column":39},"end":{"line":275,"column":1}},"line":262},"26":{"name":"addEntryComponentDeclaration","decl":{"start":{"line":276,"column":9},"end":{"line":276,"column":37}},"loc":{"start":{"line":276,"column":53},"end":{"line":289,"column":1}},"line":276},"27":{"name":"addServiceDeclaration","decl":{"start":{"line":290,"column":9},"end":{"line":290,"column":30}},"loc":{"start":{"line":290,"column":46},"end":{"line":301,"column":1}},"line":290},"28":{"name":"addResolveDeclaration","decl":{"start":{"line":302,"column":9},"end":{"line":302,"column":30}},"loc":{"start":{"line":302,"column":46},"end":{"line":313,"column":1}},"line":302},"29":{"name":"addResolverDeclarationRouting","decl":{"start":{"line":314,"column":9},"end":{"line":314,"column":38}},"loc":{"start":{"line":314,"column":54},"end":{"line":327,"column":1}},"line":314},"30":{"name":"addModuleDeclaration","decl":{"start":{"line":328,"column":9},"end":{"line":328,"column":29}},"loc":{"start":{"line":328,"column":45},"end":{"line":349,"column":1}},"line":328},"31":{"name":"addDialogToComponent","decl":{"start":{"line":350,"column":9},"end":{"line":350,"column":29}},"loc":{"start":{"line":350,"column":45},"end":{"line":366,"column":1}},"line":350},"32":{"name":"addRoutingDeclaration","decl":{"start":{"line":367,"column":9},"end":{"line":367,"column":30}},"loc":{"start":{"line":367,"column":46},"end":{"line":379,"column":1}},"line":367},"33":{"name":"addExport","decl":{"start":{"line":380,"column":9},"end":{"line":380,"column":18}},"loc":{"start":{"line":380,"column":34},"end":{"line":391,"column":1}},"line":380},"34":{"name":"updateIndexFile","decl":{"start":{"line":392,"column":9},"end":{"line":392,"column":24}},"loc":{"start":{"line":392,"column":49},"end":{"line":411,"column":1}},"line":392},"35":{"name":"(anonymous_35)","decl":{"start":{"line":393,"column":11},"end":{"line":393,"column":12}},"loc":{"start":{"line":393,"column":21},"end":{"line":410,"column":5}},"line":393}},"branchMap":{"0":{"loc":{"start":{"line":2,"column":19},"end":{"line":8,"column":1}},"type":"binary-expr","locations":[{"start":{"line":2,"column":20},"end":{"line":2,"column":24}},{"start":{"line":2,"column":28},"end":{"line":2,"column":45}},{"start":{"line":2,"column":50},"end":{"line":8,"column":1}}],"line":2},"1":{"loc":{"start":{"line":3,"column":4},"end":{"line":3,"column":42}},"type":"if","locations":[{"start":{"line":3,"column":4},"end":{"line":3,"column":42}},{"start":{"line":3,"column":4},"end":{"line":3,"column":42}}],"line":3},"2":{"loc":{"start":{"line":3,"column":8},"end":{"line":3,"column":29}},"type":"binary-expr","locations":[{"start":{"line":3,"column":8},"end":{"line":3,"column":11}},{"start":{"line":3,"column":15},"end":{"line":3,"column":29}}],"line":3},"3":{"loc":{"start":{"line":5,"column":4},"end":{"line":5,"column":99}},"type":"if","locations":[{"start":{"line":5,"column":4},"end":{"line":5,"column":99}},{"start":{"line":5,"column":4},"end":{"line":5,"column":99}}],"line":5},"4":{"loc":{"start":{"line":5,"column":40},"end":{"line":5,"column":99}},"type":"if","locations":[{"start":{"line":5,"column":40},"end":{"line":5,"column":99}},{"start":{"line":5,"column":40},"end":{"line":5,"column":99}}],"line":5},"5":{"loc":{"start":{"line":33,"column":8},"end":{"line":35,"column":9}},"type":"if","locations":[{"start":{"line":33,"column":8},"end":{"line":35,"column":9}},{"start":{"line":33,"column":8},"end":{"line":35,"column":9}}],"line":33},"6":{"loc":{"start":{"line":91,"column":4},"end":{"line":93,"column":5}},"type":"if","locations":[{"start":{"line":91,"column":4},"end":{"line":93,"column":5}},{"start":{"line":91,"column":4},"end":{"line":93,"column":5}}],"line":91},"7":{"loc":{"start":{"line":95,"column":4},"end":{"line":97,"column":5}},"type":"if","locations":[{"start":{"line":95,"column":4},"end":{"line":97,"column":5}},{"start":{"line":95,"column":4},"end":{"line":97,"column":5}}],"line":95},"8":{"loc":{"start":{"line":105,"column":4},"end":{"line":110,"column":5}},"type":"if","locations":[{"start":{"line":105,"column":4},"end":{"line":110,"column":5}},{"start":{"line":105,"column":4},"end":{"line":110,"column":5}}],"line":105},"9":{"loc":{"start":{"line":107,"column":8},"end":{"line":109,"column":9}},"type":"if","locations":[{"start":{"line":107,"column":8},"end":{"line":109,"column":9}},{"start":{"line":107,"column":8},"end":{"line":109,"column":9}}],"line":107},"10":{"loc":{"start":{"line":107,"column":12},"end":{"line":107,"column":98}},"type":"binary-expr","locations":[{"start":{"line":107,"column":12},"end":{"line":107,"column":23}},{"start":{"line":107,"column":27},"end":{"line":107,"column":98}}],"line":107},"11":{"loc":{"start":{"line":111,"column":4},"end":{"line":123,"column":5}},"type":"if","locations":[{"start":{"line":111,"column":4},"end":{"line":123,"column":5}},{"start":{"line":111,"column":4},"end":{"line":123,"column":5}}],"line":111},"12":{"loc":{"start":{"line":114,"column":9},"end":{"line":123,"column":5}},"type":"if","locations":[{"start":{"line":114,"column":9},"end":{"line":123,"column":5}},{"start":{"line":114,"column":9},"end":{"line":123,"column":5}}],"line":114},"13":{"loc":{"start":{"line":125,"column":4},"end":{"line":127,"column":5}},"type":"if","locations":[{"start":{"line":125,"column":4},"end":{"line":127,"column":5}},{"start":{"line":125,"column":4},"end":{"line":127,"column":5}}],"line":125},"14":{"loc":{"start":{"line":133,"column":4},"end":{"line":135,"column":5}},"type":"if","locations":[{"start":{"line":133,"column":4},"end":{"line":135,"column":5}},{"start":{"line":133,"column":4},"end":{"line":135,"column":5}}],"line":133},"15":{"loc":{"start":{"line":137,"column":4},"end":{"line":139,"column":5}},"type":"if","locations":[{"start":{"line":137,"column":4},"end":{"line":139,"column":5}},{"start":{"line":137,"column":4},"end":{"line":139,"column":5}}],"line":137},"16":{"loc":{"start":{"line":146,"column":8},"end":{"line":151,"column":9}},"type":"if","locations":[{"start":{"line":146,"column":8},"end":{"line":151,"column":9}},{"start":{"line":146,"column":8},"end":{"line":151,"column":9}}],"line":146},"17":{"loc":{"start":{"line":148,"column":12},"end":{"line":150,"column":13}},"type":"if","locations":[{"start":{"line":148,"column":12},"end":{"line":150,"column":13}},{"start":{"line":148,"column":12},"end":{"line":150,"column":13}}],"line":148},"18":{"loc":{"start":{"line":148,"column":16},"end":{"line":148,"column":100}},"type":"binary-expr","locations":[{"start":{"line":148,"column":16},"end":{"line":148,"column":27}},{"start":{"line":148,"column":31},"end":{"line":148,"column":100}}],"line":148},"19":{"loc":{"start":{"line":168,"column":4},"end":{"line":170,"column":5}},"type":"if","locations":[{"start":{"line":168,"column":4},"end":{"line":170,"column":5}},{"start":{"line":168,"column":4},"end":{"line":170,"column":5}}],"line":168},"20":{"loc":{"start":{"line":173,"column":4},"end":{"line":175,"column":5}},"type":"if","locations":[{"start":{"line":173,"column":4},"end":{"line":175,"column":5}},{"start":{"line":173,"column":4},"end":{"line":175,"column":5}}],"line":173},"21":{"loc":{"start":{"line":179,"column":58},"end":{"line":179,"column":78}},"type":"binary-expr","locations":[{"start":{"line":179,"column":58},"end":{"line":179,"column":72}},{"start":{"line":179,"column":76},"end":{"line":179,"column":78}}],"line":179},"22":{"loc":{"start":{"line":184,"column":4},"end":{"line":186,"column":5}},"type":"if","locations":[{"start":{"line":184,"column":4},"end":{"line":186,"column":5}},{"start":{"line":184,"column":4},"end":{"line":186,"column":5}}],"line":184},"23":{"loc":{"start":{"line":189,"column":4},"end":{"line":191,"column":5}},"type":"if","locations":[{"start":{"line":189,"column":4},"end":{"line":191,"column":5}},{"start":{"line":189,"column":4},"end":{"line":191,"column":5}}],"line":189},"24":{"loc":{"start":{"line":195,"column":58},"end":{"line":195,"column":78}},"type":"binary-expr","locations":[{"start":{"line":195,"column":58},"end":{"line":195,"column":72}},{"start":{"line":195,"column":76},"end":{"line":195,"column":78}}],"line":195},"25":{"loc":{"start":{"line":202,"column":4},"end":{"line":204,"column":5}},"type":"if","locations":[{"start":{"line":202,"column":4},"end":{"line":204,"column":5}},{"start":{"line":202,"column":4},"end":{"line":204,"column":5}}],"line":202},"26":{"loc":{"start":{"line":207,"column":4},"end":{"line":209,"column":5}},"type":"if","locations":[{"start":{"line":207,"column":4},"end":{"line":209,"column":5}},{"start":{"line":207,"column":4},"end":{"line":209,"column":5}}],"line":207},"27":{"loc":{"start":{"line":216,"column":4},"end":{"line":218,"column":5}},"type":"if","locations":[{"start":{"line":216,"column":4},"end":{"line":218,"column":5}},{"start":{"line":216,"column":4},"end":{"line":218,"column":5}}],"line":216},"28":{"loc":{"start":{"line":221,"column":4},"end":{"line":223,"column":5}},"type":"if","locations":[{"start":{"line":221,"column":4},"end":{"line":223,"column":5}},{"start":{"line":221,"column":4},"end":{"line":223,"column":5}}],"line":221},"29":{"loc":{"start":{"line":231,"column":4},"end":{"line":236,"column":5}},"type":"if","locations":[{"start":{"line":231,"column":4},"end":{"line":236,"column":5}},{"start":{"line":231,"column":4},"end":{"line":236,"column":5}}],"line":231},"30":{"loc":{"start":{"line":233,"column":8},"end":{"line":235,"column":9}},"type":"if","locations":[{"start":{"line":233,"column":8},"end":{"line":235,"column":9}},{"start":{"line":233,"column":8},"end":{"line":235,"column":9}}],"line":233},"31":{"loc":{"start":{"line":233,"column":12},"end":{"line":233,"column":98}},"type":"binary-expr","locations":[{"start":{"line":233,"column":12},"end":{"line":233,"column":23}},{"start":{"line":233,"column":27},"end":{"line":233,"column":98}}],"line":233},"32":{"loc":{"start":{"line":237,"column":4},"end":{"line":249,"column":5}},"type":"if","locations":[{"start":{"line":237,"column":4},"end":{"line":249,"column":5}},{"start":{"line":237,"column":4},"end":{"line":249,"column":5}}],"line":237},"33":{"loc":{"start":{"line":240,"column":9},"end":{"line":249,"column":5}},"type":"if","locations":[{"start":{"line":240,"column":9},"end":{"line":249,"column":5}},{"start":{"line":240,"column":9},"end":{"line":249,"column":5}}],"line":240},"34":{"loc":{"start":{"line":250,"column":58},"end":{"line":250,"column":78}},"type":"binary-expr","locations":[{"start":{"line":250,"column":58},"end":{"line":250,"column":72}},{"start":{"line":250,"column":76},"end":{"line":250,"column":78}}],"line":250},"35":{"loc":{"start":{"line":251,"column":4},"end":{"line":253,"column":5}},"type":"if","locations":[{"start":{"line":251,"column":4},"end":{"line":253,"column":5}},{"start":{"line":251,"column":4},"end":{"line":253,"column":5}}],"line":251},"36":{"loc":{"start":{"line":263,"column":20},"end":{"line":265,"column":60}},"type":"cond-expr","locations":[{"start":{"line":264,"column":10},"end":{"line":264,"column":49}},{"start":{"line":265,"column":10},"end":{"line":265,"column":60}}],"line":263},"37":{"loc":{"start":{"line":266,"column":23},"end":{"line":266,"column":43}},"type":"binary-expr","locations":[{"start":{"line":266,"column":23},"end":{"line":266,"column":37}},{"start":{"line":266,"column":41},"end":{"line":266,"column":43}}],"line":266},"38":{"loc":{"start":{"line":270,"column":8},"end":{"line":272,"column":9}},"type":"if","locations":[{"start":{"line":270,"column":8},"end":{"line":272,"column":9}},{"start":{"line":270,"column":8},"end":{"line":272,"column":9}}],"line":270},"39":{"loc":{"start":{"line":277,"column":20},"end":{"line":279,"column":60}},"type":"cond-expr","locations":[{"start":{"line":278,"column":10},"end":{"line":278,"column":49}},{"start":{"line":279,"column":10},"end":{"line":279,"column":60}}],"line":277},"40":{"loc":{"start":{"line":280,"column":23},"end":{"line":280,"column":43}},"type":"binary-expr","locations":[{"start":{"line":280,"column":23},"end":{"line":280,"column":37}},{"start":{"line":280,"column":41},"end":{"line":280,"column":43}}],"line":280},"41":{"loc":{"start":{"line":284,"column":8},"end":{"line":286,"column":9}},"type":"if","locations":[{"start":{"line":284,"column":8},"end":{"line":286,"column":9}},{"start":{"line":284,"column":8},"end":{"line":286,"column":9}}],"line":284},"42":{"loc":{"start":{"line":292,"column":23},"end":{"line":292,"column":43}},"type":"binary-expr","locations":[{"start":{"line":292,"column":23},"end":{"line":292,"column":37}},{"start":{"line":292,"column":41},"end":{"line":292,"column":43}}],"line":292},"43":{"loc":{"start":{"line":296,"column":8},"end":{"line":298,"column":9}},"type":"if","locations":[{"start":{"line":296,"column":8},"end":{"line":298,"column":9}},{"start":{"line":296,"column":8},"end":{"line":298,"column":9}}],"line":296},"44":{"loc":{"start":{"line":304,"column":23},"end":{"line":304,"column":43}},"type":"binary-expr","locations":[{"start":{"line":304,"column":23},"end":{"line":304,"column":37}},{"start":{"line":304,"column":41},"end":{"line":304,"column":43}}],"line":304},"45":{"loc":{"start":{"line":308,"column":8},"end":{"line":310,"column":9}},"type":"if","locations":[{"start":{"line":308,"column":8},"end":{"line":310,"column":9}},{"start":{"line":308,"column":8},"end":{"line":310,"column":9}}],"line":308},"46":{"loc":{"start":{"line":316,"column":30},"end":{"line":316,"column":57}},"type":"binary-expr","locations":[{"start":{"line":316,"column":30},"end":{"line":316,"column":51}},{"start":{"line":316,"column":55},"end":{"line":316,"column":57}}],"line":316},"47":{"loc":{"start":{"line":318,"column":4},"end":{"line":326,"column":5}},"type":"if","locations":[{"start":{"line":318,"column":4},"end":{"line":326,"column":5}},{"start":{"line":318,"column":4},"end":{"line":326,"column":5}}],"line":318},"48":{"loc":{"start":{"line":321,"column":12},"end":{"line":323,"column":13}},"type":"if","locations":[{"start":{"line":321,"column":12},"end":{"line":323,"column":13}},{"start":{"line":321,"column":12},"end":{"line":323,"column":13}}],"line":321},"49":{"loc":{"start":{"line":331,"column":4},"end":{"line":333,"column":5}},"type":"if","locations":[{"start":{"line":331,"column":4},"end":{"line":333,"column":5}},{"start":{"line":331,"column":4},"end":{"line":333,"column":5}}],"line":331},"50":{"loc":{"start":{"line":344,"column":8},"end":{"line":346,"column":9}},"type":"if","locations":[{"start":{"line":344,"column":8},"end":{"line":346,"column":9}},{"start":{"line":344,"column":8},"end":{"line":346,"column":9}}],"line":344},"51":{"loc":{"start":{"line":353,"column":4},"end":{"line":355,"column":5}},"type":"if","locations":[{"start":{"line":353,"column":4},"end":{"line":355,"column":5}},{"start":{"line":353,"column":4},"end":{"line":355,"column":5}}],"line":353},"52":{"loc":{"start":{"line":358,"column":88},"end":{"line":358,"column":112}},"type":"binary-expr","locations":[{"start":{"line":358,"column":88},"end":{"line":358,"column":106}},{"start":{"line":358,"column":110},"end":{"line":358,"column":112}}],"line":358},"53":{"loc":{"start":{"line":358,"column":114},"end":{"line":358,"column":155}},"type":"binary-expr","locations":[{"start":{"line":358,"column":114},"end":{"line":358,"column":133}},{"start":{"line":358,"column":137},"end":{"line":358,"column":149}},{"start":{"line":358,"column":153},"end":{"line":358,"column":155}}],"line":358},"54":{"loc":{"start":{"line":361,"column":8},"end":{"line":363,"column":9}},"type":"if","locations":[{"start":{"line":361,"column":8},"end":{"line":363,"column":9}},{"start":{"line":361,"column":8},"end":{"line":363,"column":9}}],"line":361},"55":{"loc":{"start":{"line":369,"column":90},"end":{"line":369,"column":117}},"type":"binary-expr","locations":[{"start":{"line":369,"column":90},"end":{"line":369,"column":111}},{"start":{"line":369,"column":115},"end":{"line":369,"column":117}}],"line":369},"56":{"loc":{"start":{"line":370,"column":4},"end":{"line":378,"column":5}},"type":"if","locations":[{"start":{"line":370,"column":4},"end":{"line":378,"column":5}},{"start":{"line":370,"column":4},"end":{"line":378,"column":5}}],"line":370},"57":{"loc":{"start":{"line":373,"column":12},"end":{"line":375,"column":13}},"type":"if","locations":[{"start":{"line":373,"column":12},"end":{"line":375,"column":13}},{"start":{"line":373,"column":12},"end":{"line":375,"column":13}}],"line":373},"58":{"loc":{"start":{"line":382,"column":23},"end":{"line":382,"column":43}},"type":"binary-expr","locations":[{"start":{"line":382,"column":23},"end":{"line":382,"column":37}},{"start":{"line":382,"column":41},"end":{"line":382,"column":43}}],"line":382},"59":{"loc":{"start":{"line":386,"column":8},"end":{"line":388,"column":9}},"type":"if","locations":[{"start":{"line":386,"column":8},"end":{"line":388,"column":9}},{"start":{"line":386,"column":8},"end":{"line":388,"column":9}}],"line":386},"60":{"loc":{"start":{"line":396,"column":8},"end":{"line":399,"column":9}},"type":"if","locations":[{"start":{"line":396,"column":8},"end":{"line":399,"column":9}},{"start":{"line":396,"column":8},"end":{"line":399,"column":9}}],"line":396},"61":{"loc":{"start":{"line":404,"column":12},"end":{"line":406,"column":13}},"type":"if","locations":[{"start":{"line":404,"column":12},"end":{"line":406,"column":13}},{"start":{"line":404,"column":12},"end":{"line":406,"column":13}}],"line":404}},"s":{"0":1,"1":1,"2":0,"3":1,"4":1,"5":1,"6":1708,"7":1708,"8":1,"9":1,"10":1,"11":1,"12":1,"13":1,"14":1,"15":1,"16":1,"17":1,"18":1,"19":1,"20":1,"21":1,"22":1,"23":9,"24":9,"25":9,"26":0,"27":9,"28":1,"29":0,"30":0,"31":0,"32":1,"33":2,"34":2,"35":2,"36":1,"37":0,"38":0,"39":0,"40":1,"41":0,"42":0,"43":0,"44":1,"45":0,"46":0,"47":0,"48":1,"49":1,"50":1,"51":1,"52":1,"53":0,"54":0,"55":0,"56":1,"57":11,"58":11,"59":0,"60":11,"61":11,"62":0,"63":11,"64":11,"65":11,"66":11,"67":11,"68":11,"69":11,"70":8,"71":8,"72":8,"73":11,"74":0,"75":11,"76":8,"77":3,"78":11,"79":11,"80":0,"81":11,"82":11,"83":0,"84":0,"85":0,"86":0,"87":0,"88":0,"89":0,"90":0,"91":0,"92":0,"93":0,"94":0,"95":0,"96":0,"97":0,"98":0,"99":0,"100":0,"101":0,"102":0,"103":0,"104":0,"105":0,"106":0,"107":0,"108":0,"109":0,"110":0,"111":0,"112":0,"113":0,"114":0,"115":0,"116":0,"117":0,"118":0,"119":0,"120":0,"121":0,"122":0,"123":0,"124":0,"125":0,"126":7,"127":7,"128":7,"129":7,"130":7,"131":7,"132":7,"133":0,"134":7,"135":7,"136":7,"137":7,"138":0,"139":0,"140":0,"141":0,"142":0,"143":0,"144":0,"145":0,"146":0,"147":0,"148":0,"149":0,"150":0,"151":0,"152":0,"153":0,"154":0,"155":0,"156":0,"157":0,"158":0,"159":0,"160":0,"161":0,"162":0,"163":0,"164":5,"165":5,"166":5,"167":9,"168":9,"169":9,"170":9,"171":9,"172":16,"173":16,"174":9,"175":2,"176":2,"177":2,"178":2,"179":2,"180":4,"181":2,"182":2,"183":0,"184":0,"185":0,"186":0,"187":0,"188":0,"189":0,"190":0,"191":0,"192":0,"193":0,"194":0,"195":0,"196":0,"197":0,"198":0,"199":0,"200":0,"201":0,"202":0,"203":0,"204":0,"205":0,"206":0,"207":0,"208":0,"209":0,"210":0,"211":0,"212":0,"213":0,"214":0,"215":0,"216":0,"217":0,"218":0,"219":0,"220":0,"221":0,"222":1,"223":1,"224":1,"225":0,"226":1,"227":1,"228":1,"229":1,"230":1,"231":4,"232":4,"233":1,"234":0,"235":0,"236":0,"237":0,"238":0,"239":0,"240":0,"241":0,"242":0,"243":0,"244":0,"245":0,"246":0,"247":0,"248":0,"249":0,"250":7,"251":7,"252":7,"253":7,"254":5,"255":5,"256":7,"257":7,"258":7,"259":7,"260":7,"261":7,"262":7,"263":7,"264":1},"f":{"0":1,"1":9,"2":9,"3":0,"4":0,"5":2,"6":2,"7":0,"8":0,"9":0,"10":0,"11":0,"12":0,"13":1,"14":1,"15":0,"16":0,"17":11,"18":0,"19":0,"20":0,"21":0,"22":7,"23":0,"24":5,"25":9,"26":2,"27":0,"28":0,"29":0,"30":0,"31":1,"32":0,"33":0,"34":7,"35":7},"b":{"0":[1,1,1],"1":[0,1],"2":[1,1],"3":[1,0],"4":[1708,0],"5":[0,9],"6":[0,11],"7":[0,11],"8":[8,3],"9":[8,0],"10":[8,8],"11":[0,11],"12":[8,3],"13":[0,11],"14":[0,0],"15":[0,0],"16":[0,0],"17":[0,0],"18":[0,0],"19":[0,0],"20":[0,0],"21":[0,0],"22":[0,0],"23":[0,0],"24":[0,0],"25":[7,0],"26":[0,7],"27":[0,0],"28":[0,0],"29":[0,0],"30":[0,0],"31":[0,0],"32":[0,0],"33":[0,0],"34":[0,0],"35":[0,0],"36":[6,3],"37":[9,0],"38":[16,0],"39":[0,2],"40":[2,0],"41":[2,2],"42":[0,0],"43":[0,0],"44":[0,0],"45":[0,0],"46":[0,0],"47":[0,0],"48":[0,0],"49":[0,0],"50":[0,0],"51":[0,1],"52":[1,0],"53":[1,0,0],"54":[4,0],"55":[0,0],"56":[0,0],"57":[0,0],"58":[0,0],"59":[0,0],"60":[5,2],"61":[7,0]},"_coverageSchema":"43e27e138ebf9cfc5966b082cf9a028302ed4184","hash":"6d93fe7e7a608872b4f130758f088190b2e715aa","contentHash":"8d6f28be0acdc0a457dee22249ae3ad2f8b71794710df954e27327fb67485040"},"/Users/basters/dev/frontend/firestitch/schematics/src/utils/add-to-module-context.js":{"path":"/Users/basters/dev/frontend/firestitch/schematics/src/utils/add-to-module-context.js","statementMap":{"0":{"start":{"line":2,"column":0},"end":{"line":2,"column":62}},"1":{"start":{"line":5,"column":0},"end":{"line":5,"column":48}}},"fnMap":{},"branchMap":{},"s":{"0":1,"1":1},"f":{},"b":{},"_coverageSchema":"43e27e138ebf9cfc5966b082cf9a028302ed4184","hash":"cd19d6bb1bd113812f0a256628ec728294787726","contentHash":"bbd2bc9e43f766cb5c92ac10877c1d114bf5c0d15cefa8b64e4840c540b40aba"},"/Users/basters/dev/frontend/firestitch/schematics/src/schematics-angular-utils/find-module.js":{"path":"/Users/basters/dev/frontend/firestitch/schematics/src/schematics-angular-utils/find-module.js","statementMap":{"0":{"start":{"line":2,"column":0},"end":{"line":2,"column":62}},"1":{"start":{"line":10,"column":15},"end":{"line":10,"column":46}},"2":{"start":{"line":15,"column":4},"end":{"line":17,"column":5}},"3":{"start":{"line":16,"column":8},"end":{"line":16,"column":25}},"4":{"start":{"line":18,"column":4},"end":{"line":41,"column":5}},"5":{"start":{"line":19,"column":28},"end":{"line":20,"column":80}},"6":{"start":{"line":21,"column":8},"end":{"line":21,"column":63}},"7":{"start":{"line":24,"column":27},"end":{"line":24,"column":113}},"8":{"start":{"line":25,"column":31},"end":{"line":25,"column":76}},"9":{"start":{"line":26,"column":8},"end":{"line":40,"column":9}},"10":{"start":{"line":27,"column":12},"end":{"line":27,"column":48}},"11":{"start":{"line":29,"column":13},"end":{"line":40,"column":9}},"12":{"start":{"line":30,"column":12},"end":{"line":30,"column":56}},"13":{"start":{"line":32,"column":13},"end":{"line":40,"column":9}},"14":{"start":{"line":33,"column":12},"end":{"line":33,"column":63}},"15":{"start":{"line":35,"column":13},"end":{"line":40,"column":9}},"16":{"start":{"line":36,"column":12},"end":{"line":36,"column":86}},"17":{"start":{"line":39,"column":12},"end":{"line":39,"column":63}},"18":{"start":{"line":43,"column":0},"end":{"line":43,"column":54}},"19":{"start":{"line":48,"column":4},"end":{"line":50,"column":5}},"20":{"start":{"line":49,"column":8},"end":{"line":49,"column":25}},"21":{"start":{"line":51,"column":4},"end":{"line":74,"column":5}},"22":{"start":{"line":52,"column":28},"end":{"line":53,"column":80}},"23":{"start":{"line":54,"column":8},"end":{"line":54,"column":63}},"24":{"start":{"line":57,"column":27},"end":{"line":57,"column":127}},"25":{"start":{"line":58,"column":31},"end":{"line":58,"column":76}},"26":{"start":{"line":59,"column":8},"end":{"line":73,"column":9}},"27":{"start":{"line":60,"column":12},"end":{"line":60,"column":48}},"28":{"start":{"line":62,"column":13},"end":{"line":73,"column":9}},"29":{"start":{"line":63,"column":12},"end":{"line":63,"column":56}},"30":{"start":{"line":65,"column":13},"end":{"line":73,"column":9}},"31":{"start":{"line":66,"column":12},"end":{"line":66,"column":71}},"32":{"start":{"line":68,"column":13},"end":{"line":73,"column":9}},"33":{"start":{"line":69,"column":12},"end":{"line":69,"column":94}},"34":{"start":{"line":72,"column":12},"end":{"line":72,"column":63}},"35":{"start":{"line":76,"column":0},"end":{"line":76,"column":68}},"36":{"start":{"line":81,"column":14},"end":{"line":81,"column":44}},"37":{"start":{"line":82,"column":21},"end":{"line":82,"column":36}},"38":{"start":{"line":83,"column":28},"end":{"line":83,"column":50}},"39":{"start":{"line":84,"column":4},"end":{"line":95,"column":5}},"40":{"start":{"line":85,"column":8},"end":{"line":85,"column":38}},"41":{"start":{"line":86,"column":24},"end":{"line":86,"column":94}},"42":{"start":{"line":86,"column":49},"end":{"line":86,"column":93}},"43":{"start":{"line":87,"column":8},"end":{"line":93,"column":9}},"44":{"start":{"line":88,"column":12},"end":{"line":88,"column":53}},"45":{"start":{"line":90,"column":13},"end":{"line":93,"column":9}},"46":{"start":{"line":91,"column":12},"end":{"line":92,"column":60}},"47":{"start":{"line":94,"column":8},"end":{"line":94,"column":25}},"48":{"start":{"line":96,"column":4},"end":{"line":97,"column":51}},"49":{"start":{"line":99,"column":0},"end":{"line":99,"column":32}},"50":{"start":{"line":101,"column":16},"end":{"line":101,"column":46}},"51":{"start":{"line":102,"column":21},"end":{"line":102,"column":36}},"52":{"start":{"line":103,"column":28},"end":{"line":103,"column":50}},"53":{"start":{"line":104,"column":20},"end":{"line":104,"column":22}},"54":{"start":{"line":105,"column":4},"end":{"line":109,"column":5}},"55":{"start":{"line":106,"column":8},"end":{"line":108,"column":11}},"56":{"start":{"line":107,"column":12},"end":{"line":107,"column":78}},"57":{"start":{"line":110,"column":20},"end":{"line":110,"column":90}},"58":{"start":{"line":110,"column":45},"end":{"line":110,"column":89}},"59":{"start":{"line":111,"column":4},"end":{"line":121,"column":5}},"60":{"start":{"line":112,"column":8},"end":{"line":120,"column":20}},"61":{"start":{"line":113,"column":31},"end":{"line":117,"column":13}},"62":{"start":{"line":118,"column":12},"end":{"line":118,"column":33}},"63":{"start":{"line":119,"column":12},"end":{"line":119,"column":23}},"64":{"start":{"line":122,"column":4},"end":{"line":122,"column":19}},"65":{"start":{"line":124,"column":0},"end":{"line":124,"column":40}},"66":{"start":{"line":129,"column":4},"end":{"line":129,"column":34}},"67":{"start":{"line":130,"column":4},"end":{"line":132,"column":5}},"68":{"start":{"line":131,"column":8},"end":{"line":131,"column":22}},"69":{"start":{"line":133,"column":4},"end":{"line":133,"column":30}},"70":{"start":{"line":135,"column":22},"end":{"line":135,"column":37}},"71":{"start":{"line":136,"column":20},"end":{"line":136,"column":33}},"72":{"start":{"line":138,"column":4},"end":{"line":138,"column":20}},"73":{"start":{"line":139,"column":23},"end":{"line":139,"column":36}},"74":{"start":{"line":140,"column":25},"end":{"line":140,"column":116}},"75":{"start":{"line":141,"column":21},"end":{"line":141,"column":23}},"76":{"start":{"line":143,"column":4},"end":{"line":148,"column":5}},"77":{"start":{"line":144,"column":8},"end":{"line":144,"column":25}},"78":{"start":{"line":146,"column":9},"end":{"line":148,"column":5}},"79":{"start":{"line":147,"column":8},"end":{"line":147,"column":26}},"80":{"start":{"line":149,"column":4},"end":{"line":151,"column":5}},"81":{"start":{"line":150,"column":8},"end":{"line":150,"column":26}},"82":{"start":{"line":152,"column":4},"end":{"line":152,"column":78}},"83":{"start":{"line":154,"column":0},"end":{"line":154,"column":46}}},"fnMap":{"0":{"name":"findModuleFromOptions","decl":{"start":{"line":14,"column":9},"end":{"line":14,"column":30}},"loc":{"start":{"line":14,"column":60},"end":{"line":42,"column":1}},"line":14},"1":{"name":"findRoutingModuleFromOptions","decl":{"start":{"line":47,"column":9},"end":{"line":47,"column":37}},"loc":{"start":{"line":47,"column":67},"end":{"line":75,"column":1}},"line":47},"2":{"name":"findModule","decl":{"start":{"line":80,"column":9},"end":{"line":80,"column":19}},"loc":{"start":{"line":80,"column":39},"end":{"line":98,"column":1}},"line":80},"3":{"name":"(anonymous_3)","decl":{"start":{"line":86,"column":44},"end":{"line":86,"column":45}},"loc":{"start":{"line":86,"column":49},"end":{"line":86,"column":93}},"line":86},"4":{"name":"findAllModules","decl":{"start":{"line":100,"column":9},"end":{"line":100,"column":23}},"loc":{"start":{"line":100,"column":43},"end":{"line":123,"column":1}},"line":100},"5":{"name":"(anonymous_5)","decl":{"start":{"line":106,"column":28},"end":{"line":106,"column":29}},"loc":{"start":{"line":106,"column":40},"end":{"line":108,"column":9}},"line":106},"6":{"name":"(anonymous_6)","decl":{"start":{"line":110,"column":40},"end":{"line":110,"column":41}},"loc":{"start":{"line":110,"column":45},"end":{"line":110,"column":89}},"line":110},"7":{"name":"(anonymous_7)","decl":{"start":{"line":112,"column":30},"end":{"line":112,"column":31}},"loc":{"start":{"line":112,"column":46},"end":{"line":120,"column":9}},"line":112},"8":{"name":"buildRelativePath","decl":{"start":{"line":128,"column":9},"end":{"line":128,"column":26}},"loc":{"start":{"line":128,"column":37},"end":{"line":153,"column":1}},"line":128}},"branchMap":{"0":{"loc":{"start":{"line":14,"column":46},"end":{"line":14,"column":58}},"type":"default-arg","locations":[{"start":{"line":14,"column":53},"end":{"line":14,"column":58}}],"line":14},"1":{"loc":{"start":{"line":15,"column":4},"end":{"line":17,"column":5}},"type":"if","locations":[{"start":{"line":15,"column":4},"end":{"line":17,"column":5}},{"start":{"line":15,"column":4},"end":{"line":17,"column":5}}],"line":15},"2":{"loc":{"start":{"line":15,"column":8},"end":{"line":15,"column":66}},"type":"binary-expr","locations":[{"start":{"line":15,"column":8},"end":{"line":15,"column":44}},{"start":{"line":15,"column":48},"end":{"line":15,"column":66}}],"line":15},"3":{"loc":{"start":{"line":18,"column":4},"end":{"line":41,"column":5}},"type":"if","locations":[{"start":{"line":18,"column":4},"end":{"line":41,"column":5}},{"start":{"line":18,"column":4},"end":{"line":41,"column":5}}],"line":18},"4":{"loc":{"start":{"line":19,"column":29},"end":{"line":19,"column":47}},"type":"binary-expr","locations":[{"start":{"line":19,"column":29},"end":{"line":19,"column":41}},{"start":{"line":19,"column":45},"end":{"line":19,"column":47}}],"line":19},"5":{"loc":{"start":{"line":20,"column":15},"end":{"line":20,"column":79}},"type":"cond-expr","locations":[{"start":{"line":20,"column":30},"end":{"line":20,"column":32}},{"start":{"line":20,"column":35},"end":{"line":20,"column":79}}],"line":20},"6":{"loc":{"start":{"line":24,"column":27},"end":{"line":24,"column":113}},"type":"cond-expr","locations":[{"start":{"line":24,"column":35},"end":{"line":24,"column":96}},{"start":{"line":24,"column":99},"end":{"line":24,"column":113}}],"line":24},"7":{"loc":{"start":{"line":26,"column":8},"end":{"line":40,"column":9}},"type":"if","locations":[{"start":{"line":26,"column":8},"end":{"line":40,"column":9}},{"start":{"line":26,"column":8},"end":{"line":40,"column":9}}],"line":26},"8":{"loc":{"start":{"line":29,"column":13},"end":{"line":40,"column":9}},"type":"if","locations":[{"start":{"line":29,"column":13},"end":{"line":40,"column":9}},{"start":{"line":29,"column":13},"end":{"line":40,"column":9}}],"line":29},"9":{"loc":{"start":{"line":32,"column":13},"end":{"line":40,"column":9}},"type":"if","locations":[{"start":{"line":32,"column":13},"end":{"line":40,"column":9}},{"start":{"line":32,"column":13},"end":{"line":40,"column":9}}],"line":32},"10":{"loc":{"start":{"line":35,"column":13},"end":{"line":40,"column":9}},"type":"if","locations":[{"start":{"line":35,"column":13},"end":{"line":40,"column":9}},{"start":{"line":35,"column":13},"end":{"line":40,"column":9}}],"line":35},"11":{"loc":{"start":{"line":47,"column":53},"end":{"line":47,"column":65}},"type":"default-arg","locations":[{"start":{"line":47,"column":60},"end":{"line":47,"column":65}}],"line":47},"12":{"loc":{"start":{"line":48,"column":4},"end":{"line":50,"column":5}},"type":"if","locations":[{"start":{"line":48,"column":4},"end":{"line":50,"column":5}},{"start":{"line":48,"column":4},"end":{"line":50,"column":5}}],"line":48},"13":{"loc":{"start":{"line":48,"column":8},"end":{"line":48,"column":66}},"type":"binary-expr","locations":[{"start":{"line":48,"column":8},"end":{"line":48,"column":44}},{"start":{"line":48,"column":48},"end":{"line":48,"column":66}}],"line":48},"14":{"loc":{"start":{"line":51,"column":4},"end":{"line":74,"column":5}},"type":"if","locations":[{"start":{"line":51,"column":4},"end":{"line":74,"column":5}},{"start":{"line":51,"column":4},"end":{"line":74,"column":5}}],"line":51},"15":{"loc":{"start":{"line":52,"column":29},"end":{"line":52,"column":47}},"type":"binary-expr","locations":[{"start":{"line":52,"column":29},"end":{"line":52,"column":41}},{"start":{"line":52,"column":45},"end":{"line":52,"column":47}}],"line":52},"16":{"loc":{"start":{"line":53,"column":15},"end":{"line":53,"column":79}},"type":"cond-expr","locations":[{"start":{"line":53,"column":30},"end":{"line":53,"column":32}},{"start":{"line":53,"column":35},"end":{"line":53,"column":79}}],"line":53},"17":{"loc":{"start":{"line":57,"column":27},"end":{"line":57,"column":127}},"type":"cond-expr","locations":[{"start":{"line":57,"column":35},"end":{"line":57,"column":103}},{"start":{"line":57,"column":106},"end":{"line":57,"column":127}}],"line":57},"18":{"loc":{"start":{"line":59,"column":8},"end":{"line":73,"column":9}},"type":"if","locations":[{"start":{"line":59,"column":8},"end":{"line":73,"column":9}},{"start":{"line":59,"column":8},"end":{"line":73,"column":9}}],"line":59},"19":{"loc":{"start":{"line":62,"column":13},"end":{"line":73,"column":9}},"type":"if","locations":[{"start":{"line":62,"column":13},"end":{"line":73,"column":9}},{"start":{"line":62,"column":13},"end":{"line":73,"column":9}}],"line":62},"20":{"loc":{"start":{"line":65,"column":13},"end":{"line":73,"column":9}},"type":"if","locations":[{"start":{"line":65,"column":13},"end":{"line":73,"column":9}},{"start":{"line":65,"column":13},"end":{"line":73,"column":9}}],"line":65},"21":{"loc":{"start":{"line":68,"column":13},"end":{"line":73,"column":9}},"type":"if","locations":[{"start":{"line":68,"column":13},"end":{"line":73,"column":9}},{"start":{"line":68,"column":13},"end":{"line":73,"column":9}}],"line":68},"22":{"loc":{"start":{"line":86,"column":49},"end":{"line":86,"column":93}},"type":"binary-expr","locations":[{"start":{"line":86,"column":49},"end":{"line":86,"column":65}},{"start":{"line":86,"column":69},"end":{"line":86,"column":93}}],"line":86},"23":{"loc":{"start":{"line":87,"column":8},"end":{"line":93,"column":9}},"type":"if","locations":[{"start":{"line":87,"column":8},"end":{"line":93,"column":9}},{"start":{"line":87,"column":8},"end":{"line":93,"column":9}}],"line":87},"24":{"loc":{"start":{"line":90,"column":13},"end":{"line":93,"column":9}},"type":"if","locations":[{"start":{"line":90,"column":13},"end":{"line":93,"column":9}},{"start":{"line":90,"column":13},"end":{"line":93,"column":9}}],"line":90},"25":{"loc":{"start":{"line":105,"column":4},"end":{"line":109,"column":5}},"type":"if","locations":[{"start":{"line":105,"column":4},"end":{"line":109,"column":5}},{"start":{"line":105,"column":4},"end":{"line":109,"column":5}}],"line":105},"26":{"loc":{"start":{"line":110,"column":45},"end":{"line":110,"column":89}},"type":"binary-expr","locations":[{"start":{"line":110,"column":45},"end":{"line":110,"column":61}},{"start":{"line":110,"column":65},"end":{"line":110,"column":89}}],"line":110},"27":{"loc":{"start":{"line":111,"column":4},"end":{"line":121,"column":5}},"type":"if","locations":[{"start":{"line":111,"column":4},"end":{"line":121,"column":5}},{"start":{"line":111,"column":4},"end":{"line":121,"column":5}}],"line":111},"28":{"loc":{"start":{"line":130,"column":4},"end":{"line":132,"column":5}},"type":"if","locations":[{"start":{"line":130,"column":4},"end":{"line":132,"column":5}},{"start":{"line":130,"column":4},"end":{"line":132,"column":5}}],"line":130},"29":{"loc":{"start":{"line":130,"column":8},"end":{"line":130,"column":27}},"type":"binary-expr","locations":[{"start":{"line":130,"column":8},"end":{"line":130,"column":10}},{"start":{"line":130,"column":14},"end":{"line":130,"column":27}}],"line":130},"30":{"loc":{"start":{"line":143,"column":4},"end":{"line":148,"column":5}},"type":"if","locations":[{"start":{"line":143,"column":4},"end":{"line":148,"column":5}},{"start":{"line":143,"column":4},"end":{"line":148,"column":5}}],"line":143},"31":{"loc":{"start":{"line":146,"column":9},"end":{"line":148,"column":5}},"type":"if","locations":[{"start":{"line":146,"column":9},"end":{"line":148,"column":5}},{"start":{"line":146,"column":9},"end":{"line":148,"column":5}}],"line":146},"32":{"loc":{"start":{"line":149,"column":4},"end":{"line":151,"column":5}},"type":"if","locations":[{"start":{"line":149,"column":4},"end":{"line":151,"column":5}},{"start":{"line":149,"column":4},"end":{"line":151,"column":5}}],"line":149},"33":{"loc":{"start":{"line":149,"column":8},"end":{"line":149,"column":47}},"type":"binary-expr","locations":[{"start":{"line":149,"column":8},"end":{"line":149,"column":18}},{"start":{"line":149,"column":22},"end":{"line":149,"column":47}}],"line":149},"34":{"loc":{"start":{"line":152,"column":25},"end":{"line":152,"column":63}},"type":"cond-expr","locations":[{"start":{"line":152,"column":40},"end":{"line":152,"column":58}},{"start":{"line":152,"column":61},"end":{"line":152,"column":63}}],"line":152}},"s":{"0":1,"1":1,"2":3,"3":0,"4":3,"5":0,"6":0,"7":3,"8":3,"9":3,"10":3,"11":0,"12":0,"13":0,"14":0,"15":0,"16":0,"17":0,"18":1,"19":0,"20":0,"21":0,"22":0,"23":0,"24":0,"25":0,"26":0,"27":0,"28":0,"29":0,"30":0,"31":0,"32":0,"33":0,"34":0,"35":1,"36":0,"37":0,"38":0,"39":0,"40":0,"41":0,"42":0,"43":0,"44":0,"45":0,"46":0,"47":0,"48":0,"49":1,"50":0,"51":0,"52":0,"53":0,"54":0,"55":0,"56":0,"57":0,"58":0,"59":0,"60":0,"61":0,"62":0,"63":0,"64":0,"65":1,"66":23,"67":23,"68":0,"69":23,"70":23,"71":23,"72":23,"73":23,"74":23,"75":23,"76":23,"77":7,"78":16,"79":11,"80":23,"81":7,"82":23,"83":1},"f":{"0":3,"1":0,"2":0,"3":0,"4":0,"5":0,"6":0,"7":0,"8":23},"b":{"0":[0],"1":[0,3],"2":[3,0],"3":[0,3],"4":[0,0],"5":[0,0],"6":[0,3],"7":[3,0],"8":[0,0],"9":[0,0],"10":[0,0],"11":[0],"12":[0,0],"13":[0,0],"14":[0,0],"15":[0,0],"16":[0,0],"17":[0,0],"18":[0,0],"19":[0,0],"20":[0,0],"21":[0,0],"22":[0,0],"23":[0,0],"24":[0,0],"25":[0,0],"26":[0,0],"27":[0,0],"28":[0,23],"29":[23,23],"30":[7,16],"31":[11,5],"32":[7,16],"33":[23,18],"34":[16,7]},"_coverageSchema":"43e27e138ebf9cfc5966b082cf9a028302ed4184","hash":"065e7b2b7138e0f23aae7df1937e6b2217cf3f80","contentHash":"b8e44338d06b9ae21fc0a4a85a965949c10c46fea64d49229b850d576967a957"},"/Users/basters/dev/frontend/firestitch/schematics/src/schematics-angular-utils/ast-utils.js":{"path":"/Users/basters/dev/frontend/firestitch/schematics/src/schematics-angular-utils/ast-utils.js","statementMap":{"0":{"start":{"line":2,"column":19},"end":{"line":8,"column":1}},"1":{"start":{"line":3,"column":4},"end":{"line":3,"column":42}},"2":{"start":{"line":3,"column":31},"end":{"line":3,"column":42}},"3":{"start":{"line":4,"column":17},"end":{"line":4,"column":19}},"4":{"start":{"line":5,"column":4},"end":{"line":5,"column":99}},"5":{"start":{"line":5,"column":21},"end":{"line":5,"column":99}},"6":{"start":{"line":5,"column":40},"end":{"line":5,"column":99}},"7":{"start":{"line":5,"column":80},"end":{"line":5,"column":99}},"8":{"start":{"line":6,"column":4},"end":{"line":6,"column":28}},"9":{"start":{"line":7,"column":4},"end":{"line":7,"column":18}},"10":{"start":{"line":9,"column":0},"end":{"line":9,"column":62}},"11":{"start":{"line":17,"column":11},"end":{"line":17,"column":46}},"12":{"start":{"line":18,"column":17},"end":{"line":18,"column":36}},"13":{"start":{"line":19,"column":22},"end":{"line":19,"column":46}},"14":{"start":{"line":20,"column":18},"end":{"line":20,"column":67}},"15":{"start":{"line":29,"column":4},"end":{"line":31,"column":5}},"16":{"start":{"line":30,"column":8},"end":{"line":30,"column":18}},"17":{"start":{"line":32,"column":16},"end":{"line":32,"column":18}},"18":{"start":{"line":33,"column":4},"end":{"line":36,"column":5}},"19":{"start":{"line":34,"column":8},"end":{"line":34,"column":23}},"20":{"start":{"line":35,"column":8},"end":{"line":35,"column":14}},"21":{"start":{"line":37,"column":4},"end":{"line":49,"column":5}},"22":{"start":{"line":38,"column":8},"end":{"line":48,"column":9}},"23":{"start":{"line":39,"column":12},"end":{"line":44,"column":15}},"24":{"start":{"line":40,"column":16},"end":{"line":42,"column":17}},"25":{"start":{"line":41,"column":20},"end":{"line":41,"column":35}},"26":{"start":{"line":43,"column":16},"end":{"line":43,"column":22}},"27":{"start":{"line":45,"column":12},"end":{"line":47,"column":13}},"28":{"start":{"line":46,"column":16},"end":{"line":46,"column":22}},"29":{"start":{"line":50,"column":4},"end":{"line":50,"column":15}},"30":{"start":{"line":52,"column":0},"end":{"line":52,"column":30}},"31":{"start":{"line":59,"column":18},"end":{"line":59,"column":30}},"32":{"start":{"line":60,"column":19},"end":{"line":60,"column":21}},"33":{"start":{"line":61,"column":4},"end":{"line":69,"column":5}},"34":{"start":{"line":62,"column":21},"end":{"line":62,"column":34}},"35":{"start":{"line":63,"column":8},"end":{"line":68,"column":9}},"36":{"start":{"line":64,"column":12},"end":{"line":64,"column":30}},"37":{"start":{"line":65,"column":12},"end":{"line":67,"column":13}},"38":{"start":{"line":66,"column":16},"end":{"line":66,"column":53}},"39":{"start":{"line":70,"column":4},"end":{"line":70,"column":18}},"40":{"start":{"line":72,"column":0},"end":{"line":72,"column":40}},"41":{"start":{"line":74,"column":4},"end":{"line":77,"column":5}},"42":{"start":{"line":76,"column":8},"end":{"line":76,"column":20}},"43":{"start":{"line":78,"column":20},"end":{"line":78,"column":24}},"44":{"start":{"line":79,"column":4},"end":{"line":81,"column":7}},"45":{"start":{"line":80,"column":8},"end":{"line":80,"column":65}},"46":{"start":{"line":82,"column":4},"end":{"line":82,"column":21}},"47":{"start":{"line":84,"column":0},"end":{"line":84,"column":28}},"48":{"start":{"line":90,"column":4},"end":{"line":90,"column":48}},"49":{"start":{"line":106,"column":19},"end":{"line":106,"column":52}},"50":{"start":{"line":107,"column":4},"end":{"line":109,"column":5}},"51":{"start":{"line":108,"column":8},"end":{"line":108,"column":26}},"52":{"start":{"line":110,"column":4},"end":{"line":112,"column":5}},"53":{"start":{"line":111,"column":8},"end":{"line":111,"column":79}},"54":{"start":{"line":113,"column":4},"end":{"line":115,"column":5}},"55":{"start":{"line":114,"column":8},"end":{"line":114,"column":100}},"56":{"start":{"line":116,"column":29},"end":{"line":116,"column":71}},"57":{"start":{"line":117,"column":4},"end":{"line":117,"column":71}},"58":{"start":{"line":119,"column":0},"end":{"line":119,"column":62}},"59":{"start":{"line":121,"column":4},"end":{"line":129,"column":5}},"60":{"start":{"line":122,"column":8},"end":{"line":122,"column":25}},"61":{"start":{"line":124,"column":9},"end":{"line":129,"column":5}},"62":{"start":{"line":125,"column":8},"end":{"line":125,"column":25}},"63":{"start":{"line":128,"column":8},"end":{"line":128,"column":20}},"64":{"start":{"line":131,"column":0},"end":{"line":131,"column":56}},"65":{"start":{"line":133,"column":15},"end":{"line":133,"column":35}},"66":{"start":{"line":135,"column":4},"end":{"line":141,"column":5}},"67":{"start":{"line":137,"column":12},"end":{"line":137,"column":33}},"68":{"start":{"line":138,"column":12},"end":{"line":138,"column":18}},"69":{"start":{"line":140,"column":12},"end":{"line":140,"column":22}},"70":{"start":{"line":142,"column":4},"end":{"line":144,"column":5}},"71":{"start":{"line":143,"column":8},"end":{"line":143,"column":18}},"72":{"start":{"line":145,"column":4},"end":{"line":174,"column":5}},"73":{"start":{"line":146,"column":8},"end":{"line":168,"column":9}},"74":{"start":{"line":148,"column":12},"end":{"line":148,"column":22}},"75":{"start":{"line":150,"column":13},"end":{"line":168,"column":9}},"76":{"start":{"line":151,"column":23},"end":{"line":151,"column":54}},"77":{"start":{"line":152,"column":12},"end":{"line":167,"column":13}},"78":{"start":{"line":154,"column":16},"end":{"line":156,"column":18}},"79":{"start":{"line":160,"column":37},"end":{"line":160,"column":39}},"80":{"start":{"line":161,"column":16},"end":{"line":166,"column":23}},"81":{"start":{"line":162,"column":33},"end":{"line":162,"column":86}},"82":{"start":{"line":164,"column":20},"end":{"line":164,"column":43}},"83":{"start":{"line":165,"column":20},"end":{"line":165,"column":31}},"84":{"start":{"line":169,"column":8},"end":{"line":169,"column":18}},"85":{"start":{"line":173,"column":8},"end":{"line":173,"column":18}},"86":{"start":{"line":177,"column":27},"end":{"line":184,"column":10}},"87":{"start":{"line":178,"column":23},"end":{"line":178,"column":60}},"88":{"start":{"line":180,"column":8},"end":{"line":182,"column":9}},"89":{"start":{"line":181,"column":12},"end":{"line":181,"column":36}},"90":{"start":{"line":183,"column":8},"end":{"line":183,"column":19}},"91":{"start":{"line":185,"column":4},"end":{"line":212,"column":40}},"92":{"start":{"line":187,"column":8},"end":{"line":188,"column":68}},"93":{"start":{"line":190,"column":21},"end":{"line":190,"column":36}},"94":{"start":{"line":192,"column":8},"end":{"line":207,"column":9}},"95":{"start":{"line":193,"column":23},"end":{"line":193,"column":38}},"96":{"start":{"line":194,"column":12},"end":{"line":195,"column":69}},"97":{"start":{"line":197,"column":13},"end":{"line":207,"column":9}},"98":{"start":{"line":199,"column":27},"end":{"line":199,"column":42}},"99":{"start":{"line":201,"column":12},"end":{"line":203,"column":13}},"100":{"start":{"line":202,"column":16},"end":{"line":202,"column":29}},"101":{"start":{"line":204,"column":23},"end":{"line":204,"column":39}},"102":{"start":{"line":205,"column":29},"end":{"line":205,"column":62}},"103":{"start":{"line":206,"column":12},"end":{"line":206,"column":84}},"104":{"start":{"line":208,"column":8},"end":{"line":208,"column":21}},"105":{"start":{"line":210,"column":24},"end":{"line":211,"column":74}},"106":{"start":{"line":212,"column":21},"end":{"line":212,"column":38}},"107":{"start":{"line":214,"column":0},"end":{"line":214,"column":52}},"108":{"start":{"line":216,"column":4},"end":{"line":218,"column":5}},"109":{"start":{"line":217,"column":8},"end":{"line":217,"column":20}},"110":{"start":{"line":219,"column":4},"end":{"line":219,"column":66}},"111":{"start":{"line":229,"column":30},"end":{"line":229,"column":87}},"112":{"start":{"line":230,"column":4},"end":{"line":232,"column":5}},"113":{"start":{"line":231,"column":8},"end":{"line":231,"column":25}},"114":{"start":{"line":235,"column":24},"end":{"line":235,"column":72}},"115":{"start":{"line":236,"column":4},"end":{"line":238,"column":5}},"116":{"start":{"line":237,"column":8},"end":{"line":237,"column":25}},"117":{"start":{"line":240,"column":4},"end":{"line":240,"column":33}},"118":{"start":{"line":242,"column":0},"end":{"line":242,"column":52}},"119":{"start":{"line":244,"column":18},"end":{"line":244,"column":75}},"120":{"start":{"line":245,"column":15},"end":{"line":245,"column":23}},"121":{"start":{"line":247,"column":4},"end":{"line":249,"column":5}},"122":{"start":{"line":248,"column":8},"end":{"line":248,"column":18}},"123":{"start":{"line":251,"column":31},"end":{"line":264,"column":6}},"124":{"start":{"line":252,"column":24},"end":{"line":252,"column":69}},"125":{"start":{"line":256,"column":21},"end":{"line":256,"column":30}},"126":{"start":{"line":257,"column":8},"end":{"line":262,"column":9}},"127":{"start":{"line":259,"column":16},"end":{"line":259,"column":61}},"128":{"start":{"line":261,"column":16},"end":{"line":261,"column":50}},"129":{"start":{"line":263,"column":8},"end":{"line":263,"column":21}},"130":{"start":{"line":266,"column":4},"end":{"line":268,"column":5}},"131":{"start":{"line":267,"column":8},"end":{"line":267,"column":18}},"132":{"start":{"line":269,"column":4},"end":{"line":300,"column":5}},"133":{"start":{"line":271,"column":21},"end":{"line":271,"column":25}},"134":{"start":{"line":274,"column":8},"end":{"line":290,"column":9}},"135":{"start":{"line":275,"column":12},"end":{"line":275,"column":41}},"136":{"start":{"line":276,"column":12},"end":{"line":276,"column":63}},"137":{"start":{"line":279,"column":12},"end":{"line":279,"column":63}},"138":{"start":{"line":280,"column":12},"end":{"line":280,"column":37}},"139":{"start":{"line":282,"column":25},"end":{"line":282,"column":49}},"140":{"start":{"line":283,"column":28},"end":{"line":283,"column":51}},"141":{"start":{"line":284,"column":12},"end":{"line":289,"column":13}},"142":{"start":{"line":285,"column":16},"end":{"line":285,"column":77}},"143":{"start":{"line":288,"column":16},"end":{"line":288,"column":65}},"144":{"start":{"line":291,"column":8},"end":{"line":299,"column":9}},"145":{"start":{"line":292,"column":12},"end":{"line":295,"column":14}},"146":{"start":{"line":298,"column":12},"end":{"line":298,"column":81}},"147":{"start":{"line":301,"column":23},"end":{"line":301,"column":44}},"148":{"start":{"line":303,"column":4},"end":{"line":305,"column":5}},"149":{"start":{"line":304,"column":8},"end":{"line":304,"column":18}},"150":{"start":{"line":306,"column":23},"end":{"line":306,"column":45}},"151":{"start":{"line":307,"column":4},"end":{"line":313,"column":5}},"152":{"start":{"line":309,"column":8},"end":{"line":309,"column":26}},"153":{"start":{"line":312,"column":8},"end":{"line":312,"column":35}},"154":{"start":{"line":314,"column":4},"end":{"line":317,"column":5}},"155":{"start":{"line":315,"column":8},"end":{"line":315,"column":89}},"156":{"start":{"line":316,"column":8},"end":{"line":316,"column":18}},"157":{"start":{"line":318,"column":4},"end":{"line":325,"column":5}},"158":{"start":{"line":319,"column":26},"end":{"line":319,"column":30}},"159":{"start":{"line":320,"column":29},"end":{"line":320,"column":66}},"160":{"start":{"line":320,"column":51},"end":{"line":320,"column":65}},"161":{"start":{"line":321,"column":8},"end":{"line":323,"column":9}},"162":{"start":{"line":322,"column":12},"end":{"line":322,"column":22}},"163":{"start":{"line":324,"column":8},"end":{"line":324,"column":37}},"164":{"start":{"line":327,"column":19},"end":{"line":327,
[...]
,"end":{"line":61,"column":5}},"line":25},"6":{"name":"(anonymous_6)","decl":{"start":{"line":48,"column":12},"end":{"line":48,"column":13}},"loc":{"start":{"line":48,"column":18},"end":{"line":48,"column":60}},"line":48}},"branchMap":{"0":{"loc":{"start":{"line":14,"column":4},"end":{"line":16,"column":5}},"type":"if","locations":[{"start":{"line":14,"column":4},"end":{"line":16,"column":5}},{"start":{"line":14,"column":4},"end":{"line":16,"column":5}}],"line":14},"1":{"loc":{"start":{"line":15,"column":43},"end":{"line":15,"column":105}},"type":"binary-expr","locations":[{"start":{"line":15,"column":43},"end":{"line":15,"column":64}},{"start":{"line":15,"column":68},"end":{"line":15,"column":105}}],"line":15},"2":{"loc":{"start":{"line":17,"column":4},"end":{"line":19,"column":5}},"type":"if","locations":[{"start":{"line":17,"column":4},"end":{"line":19,"column":5}},{"start":{"line":17,"column":4},"end":{"line":19,"column":5}}],"line":17},"3":{"loc":{"start":{"line":18,"column":43},"end":{"line":18,"column":103}},"type":"binary-expr","locations":[{"start":{"line":18,"column":43},"end":{"line":18,"column":64}},{"start":{"line":18,"column":68},"end":{"line":18,"column":103}}],"line":18},"4":{"loc":{"start":{"line":27,"column":8},"end":{"line":29,"column":9}},"type":"if","locations":[{"start":{"line":27,"column":8},"end":{"line":29,"column":9}},{"start":{"line":27,"column":8},"end":{"line":29,"column":9}}],"line":27},"5":{"loc":{"start":{"line":33,"column":8},"end":{"line":36,"column":9}},"type":"if","locations":[{"start":{"line":33,"column":8},"end":{"line":36,"column":9}},{"start":{"line":33,"column":8},"end":{"line":36,"column":9}}],"line":33},"6":{"loc":{"start":{"line":42,"column":23},"end":{"line":44,"column":35}},"type":"cond-expr","locations":[{"start":{"line":43,"column":14},"end":{"line":43,"column":62}},{"start":{"line":44,"column":14},"end":{"line":44,"column":35}}],"line":42},"7":{"loc":{"start":{"line":56,"column":16},"end":{"line":56,"column":112}},"type":"cond-expr","locations":[{"start":{"line":56,"column":37},"end":{"line":56,"column":90}},{"start":{"line":56,"column":93},"end":{"line":56,"column":112}}],"line":56}},"s":{"0":1,"1":1,"2":1,"3":1,"4":1,"5":1,"6":1,"7":1,"8":2,"9":2,"10":8,"11":0,"12":0,"13":0,"14":0,"15":0,"16":2,"17":2,"18":2,"19":1,"20":2,"21":2,"22":2,"23":2,"24":1,"25":1,"26":2,"27":2,"28":2,"29":2,"30":2,"31":2,"32":2,"33":1},"f":{"0":2,"1":8,"2":0,"3":0,"4":2,"5":2,"6":2},"b":{"0":[2,0],"1":[8,8],"2":[0,0],"3":[0,0],"4":[1,1],"5":[1,1],"6":[1,1],"7":[1,1]},"_coverageSchema":"43e27e138ebf9cfc5966b082cf9a028302ed4184","hash":"d7fcfe02b3155080cceb5387474b31109383f43e","contentHash":"6e305d7be0abf8157ba3be1c92d6c1f1c5b0af94f0a5e19e9e7823935a2c84fa"},"/Users/basters/dev/frontend/firestitch/schematics/src/list/standalone/index.js":{"path":"/Users/basters/dev/frontend/firestitch/schematics/src/list/standalone/index.js","statementMap":{"0":{"start":{"line":2,"column":0},"end":{"line":2,"column":62}},"1":{"start":{"line":3,"column":21},"end":{"line":3,"column":58}},"2":{"start":{"line":4,"column":15},"end":{"line":4,"column":46}},"3":{"start":{"line":5,"column":26},"end":{"line":5,"column":64}},"4":{"start":{"line":6,"column":18},"end":{"line":6,"column":67}},"5":{"start":{"line":7,"column":25},"end":{"line":7,"column":69}},"6":{"start":{"line":8,"column":29},"end":{"line":8,"column":70}},"7":{"start":{"line":10,"column":26},"end":{"line":10,"column":61}},"8":{"start":{"line":11,"column":4},"end":{"line":11,"column":62}},"9":{"start":{"line":11,"column":40},"end":{"line":11,"column":57}},"10":{"start":{"line":13,"column":0},"end":{"line":13,"column":44}},"11":{"start":{"line":15,"column":17},"end":{"line":15,"column":39}},"12":{"start":{"line":16,"column":25},"end":{"line":16,"column":40}},"13":{"start":{"line":17,"column":4},"end":{"line":19,"column":5}},"14":{"start":{"line":18,"column":8},"end":{"line":18,"column":79}},"15":{"start":{"line":20,"column":19},"end":{"line":20,"column":42}},"16":{"start":{"line":21,"column":4},"end":{"line":21,"column":30}},"17":{"start":{"line":23,"column":0},"end":{"line":23,"column":36}},"18":{"start":{"line":25,"column":4},"end":{"line":27,"column":5}},"19":{"start":{"line":26,"column":8},"end":{"line":26,"column":107}},"20":{"start":{"line":26,"column":43},"end":{"line":26,"column":105}},"21":{"start":{"line":28,"column":4},"end":{"line":30,"column":5}},"22":{"start":{"line":29,"column":8},"end":{"line":29,"column":105}},"23":{"start":{"line":29,"column":43},"end":{"line":29,"column":103}},"24":{"start":{"line":31,"column":4},"end":{"line":31,"column":62}},"25":{"start":{"line":31,"column":39},"end":{"line":31,"column":60}},"26":{"start":{"line":36,"column":4},"end":{"line":97,"column":6}},"27":{"start":{"line":37,"column":26},"end":{"line":37,"column":44}},"28":{"start":{"line":38,"column":23},"end":{"line":38,"column":49}},"29":{"start":{"line":39,"column":8},"end":{"line":41,"column":9}},"30":{"start":{"line":40,"column":12},"end":{"line":40,"column":64}},"31":{"start":{"line":42,"column":8},"end":{"line":42,"column":89}},"32":{"start":{"line":43,"column":8},"end":{"line":45,"column":9}},"33":{"start":{"line":44,"column":12},"end":{"line":44,"column":34}},"34":{"start":{"line":46,"column":8},"end":{"line":46,"column":58}},"35":{"start":{"line":47,"column":8},"end":{"line":47,"column":72}},"36":{"start":{"line":48,"column":8},"end":{"line":48,"column":42}},"37":{"start":{"line":49,"column":8},"end":{"line":49,"column":47}},"38":{"start":{"line":50,"column":8},"end":{"line":50,"column":43}},"39":{"start":{"line":53,"column":8},"end":{"line":53,"column":88}},"40":{"start":{"line":54,"column":8},"end":{"line":54,"column":94}},"41":{"start":{"line":55,"column":8},"end":{"line":55,"column":67}},"42":{"start":{"line":56,"column":31},"end":{"line":63,"column":10}},"43":{"start":{"line":60,"column":16},"end":{"line":60,"column":60}},"44":{"start":{"line":64,"column":35},"end":{"line":64,"column":37}},"45":{"start":{"line":65,"column":38},"end":{"line":79,"column":9}},"46":{"start":{"line":80,"column":8},"end":{"line":85,"column":9}},"47":{"start":{"line":81,"column":12},"end":{"line":81,"column":98}},"48":{"start":{"line":83,"column":13},"end":{"line":85,"column":9}},"49":{"start":{"line":84,"column":12},"end":{"line":84,"column":105}},"50":{"start":{"line":86,"column":32},"end":{"line":86,"column":65}},"51":{"start":{"line":87,"column":21},"end":{"line":95,"column":10}},"52":{"start":{"line":96,"column":8},"end":{"line":96,"column":36}},"53":{"start":{"line":99,"column":0},"end":{"line":99,"column":20}}},"fnMap":{"0":{"name":"getWorkspacePath","decl":{"start":{"line":9,"column":9},"end":{"line":9,"column":25}},"loc":{"start":{"line":9,"column":32},"end":{"line":12,"column":1}},"line":9},"1":{"name":"(anonymous_1)","decl":{"start":{"line":11,"column":32},"end":{"line":11,"column":33}},"loc":{"start":{"line":11,"column":40},"end":{"line":11,"column":57}},"line":11},"2":{"name":"getWorkspace","decl":{"start":{"line":14,"column":9},"end":{"line":14,"column":21}},"loc":{"start":{"line":14,"column":28},"end":{"line":22,"column":1}},"line":14},"3":{"name":"filterTemplates","decl":{"start":{"line":24,"column":9},"end":{"line":24,"column":24}},"loc":{"start":{"line":24,"column":34},"end":{"line":32,"column":1}},"line":24},"4":{"name":"(anonymous_4)","decl":{"start":{"line":26,"column":35},"end":{"line":26,"column":36}},"loc":{"start":{"line":26,"column":43},"end":{"line":26,"column":105}},"line":26},"5":{"name":"(anonymous_5)","decl":{"start":{"line":29,"column":35},"end":{"line":29,"column":36}},"loc":{"start":{"line":29,"column":43},"end":{"line":29,"column":103}},"line":29},"6":{"name":"(anonymous_6)","decl":{"start":{"line":31,"column":31},"end":{"line":31,"column":32}},"loc":{"start":{"line":31,"column":39},"end":{"line":31,"column":60}},"line":31},"7":{"name":"list","decl":{"start":{"line":35,"column":9},"end":{"line":35,"column":13}},"loc":{"start":{"line":35,"column":23},"end":{"line":98,"column":1}},"line":35},"8":{"name":"(anonymous_8)","decl":{"start":{"line":36,"column":11},"end":{"line":36,"column":12}},"loc":{"start":{"line":36,"column":31},"end":{"line":97,"column":5}},"line":36},"9":{"name":"(anonymous_9)","decl":{"start":{"line":59,"column":12},"end":{"line":59,"column":13}},"loc":{"start":{"line":59,"column":18},"end":{"line":61,"column":13}},"line":59}},"branchMap":{"0":{"loc":{"start":{"line":17,"column":4},"end":{"line":19,"column":5}},"type":"if","locations":[{"start":{"line":17,"column":4},"end":{"line":19,"column":5}},{"start":{"line":17,"column":4},"end":{"line":19,"column":5}}],"line":17},"1":{"loc":{"start":{"line":25,"column":4},"end":{"line":27,"column":5}},"type":"if","locations":[{"start":{"line":25,"column":4},"end":{"line":27,"column":5}},{"start":{"line":25,"column":4},"end":{"line":27,"column":5}}],"line":25},"2":{"loc":{"start":{"line":26,"column":43},"end":{"line":26,"column":105}},"type":"binary-expr","locations":[{"start":{"line":26,"column":43},"end":{"line":26,"column":64}},{"start":{"line":26,"column":68},"end":{"line":26,"column":105}}],"line":26},"3":{"loc":{"start":{"line":28,"column":4},"end":{"line":30,"column":5}},"type":"if","locations":[{"start":{"line":28,"column":4},"end":{"line":30,"column":5}},{"start":{"line":28,"column":4},"end":{"line":30,"column":5}}],"line":28},"4":{"loc":{"start":{"line":29,"column":43},"end":{"line":29,"column":103}},"type":"binary-expr","locations":[{"start":{"line":29,"column":43},"end":{"line":29,"column":64}},{"start":{"line":29,"column":68},"end":{"line":29,"column":103}}],"line":29},"5":{"loc":{"start":{"line":39,"column":8},"end":{"line":41,"column":9}},"type":"if","locations":[{"start":{"line":39,"column":8},"end":{"line":41,"column":9}},{"start":{"line":39,"column":8},"end":{"line":41,"column":9}}],"line":39},"6":{"loc":{"start":{"line":43,"column":8},"end":{"line":45,"column":9}},"type":"if","locations":[{"start":{"line":43,"column":8},"end":{"line":45,"column":9}},{"start":{"line":43,"column":8},"end":{"line":45,"column":9}}],"line":43},"7":{"loc":{"start":{"line":48,"column":22},"end":{"line":48,"column":41}},"type":"binary-expr","locations":[{"start":{"line":48,"column":22},"end":{"line":48,"column":33}},{"start":{"line":48,"column":37},"end":{"line":48,"column":41}}],"line":48},"8":{"loc":{"start":{"line":49,"column":24},"end":{"line":49,"column":46}},"type":"binary-expr","locations":[{"start":{"line":49,"column":24},"end":{"line":49,"column":37}},{"start":{"line":49,"column":41},"end":{"line":49,"column":46}}],"line":49},"9":{"loc":{"start":{"line":50,"column":22},"end":{"line":50,"column":42}},"type":"binary-expr","locations":[{"start":{"line":50,"column":22},"end":{"line":50,"column":33}},{"start":{"line":50,"column":37},"end":{"line":50,"column":42}}],"line":50},"10":{"loc":{"start":{"line":80,"column":8},"end":{"line":85,"column":9}},"type":"if","locations":[{"start":{"line":80,"column":8},"end":{"line":85,"column":9}},{"start":{"line":80,"column":8},"end":{"line":85,"column":9}}],"line":80},"11":{"loc":{"start":{"line":83,"column":13},"end":{"line":85,"column":9}},"type":"if","locations":[{"start":{"line":83,"column":13},"end":{"line":85,"column":9}},{"start":{"line":83,"column":13},"end":{"line":85,"column":9}}],"line":83},"12":{"loc":{"start":{"line":91,"column":16},"end":{"line":91,"column":111}},"type":"cond-expr","locations":[{"start":{"line":91,"column":34},"end":{"line":91,"column":89}},{"start":{"line":91,"column":92},"end":{"line":91,"column":111}}],"line":91}},"s":{"0":1,"1":1,"2":1,"3":1,"4":1,"5":1,"6":1,"7":4,"8":4,"9":8,"10":1,"11":4,"12":4,"13":4,"14":0,"15":4,"16":4,"17":1,"18":4,"19":4,"20":16,"21":0,"22":0,"23":0,"24":0,"25":0,"26":4,"27":4,"28":4,"29":4,"30":4,"31":4,"32":4,"33":4,"34":4,"35":4,"36":4,"37":4,"38":4,"39":4,"40":4,"41":4,"42":4,"43":4,"44":4,"45":4,"46":4,"47":1,"48":3,"49":1,"50":4,"51":4,"52":4,"53":1},"f":{"0":4,"1":8,"2":4,"3":4,"4":16,"5":0,"6":0,"7":4,"8":4,"9":4},"b":{"0":[0,4],"1":[4,0],"2":[16,16],"3":[0,0],"4":[0,0],"5":[4,0],"6":[4,0],"7":[4,2],"8":[4,4],"9":[4,4],"10":[1,3],"11":[1,2],"12":[0,4]},"_coverageSchema":"43e27e138ebf9cfc5966b082cf9a028302ed4184","hash":"73150620412ba919776b753022a65c7a1fab9804","contentHash":"6f99b25005d52b9ae52bbda351a59ad24a56b6862af4cceb2b44845c16e57239"},"/Users/basters/dev/frontend/firestitch/schematics/src/list/create/index.js":{"path":"/Users/basters/dev/frontend/firestitch/schematics/src/list/create/index.js","statementMap":{"0":{"start":{"line":2,"column":0},"end":{"line":2,"column":62}},"1":{"start":{"line":3,"column":21},"end":{"line":3,"column":58}},"2":{"start":{"line":4,"column":15},"end":{"line":4,"column":46}},"3":{"start":{"line":5,"column":26},"end":{"line":5,"column":64}},"4":{"start":{"line":6,"column":22},"end":{"line":6,"column":75}},"5":{"start":{"line":7,"column":25},"end":{"line":7,"column":69}},"6":{"start":{"line":8,"column":29},"end":{"line":8,"column":70}},"7":{"start":{"line":9,"column":29},"end":{"line":9,"column":70}},"8":{"start":{"line":11,"column":17},"end":{"line":11,"column":60}},"9":{"start":{"line":12,"column":25},"end":{"line":12,"column":40}},"10":{"start":{"line":13,"column":4},"end":{"line":15,"column":5}},"11":{"start":{"line":14,"column":8},"end":{"line":14,"column":79}},"12":{"start":{"line":16,"column":19},"end":{"line":16,"column":42}},"13":{"start":{"line":17,"column":4},"end":{"line":17,"column":30}},"14":{"start":{"line":19,"column":0},"end":{"line":19,"column":36}},"15":{"start":{"line":21,"column":4},"end":{"line":23,"column":5}},"16":{"start":{"line":22,"column":8},"end":{"line":22,"column":107}},"17":{"start":{"line":22,"column":43},"end":{"line":22,"column":105}},"18":{"start":{"line":24,"column":4},"end":{"line":26,"column":5}},"19":{"start":{"line":25,"column":8},"end":{"line":25,"column":105}},"20":{"start":{"line":25,"column":43},"end":{"line":25,"column":103}},"21":{"start":{"line":27,"column":4},"end":{"line":27,"column":62}},"22":{"start":{"line":27,"column":39},"end":{"line":27,"column":60}},"23":{"start":{"line":32,"column":4},"end":{"line":76,"column":6}},"24":{"start":{"line":33,"column":26},"end":{"line":33,"column":44}},"25":{"start":{"line":34,"column":8},"end":{"line":36,"column":9}},"26":{"start":{"line":35,"column":12},"end":{"line":35,"column":65}},"27":{"start":{"line":37,"column":8},"end":{"line":37,"column":82}},"28":{"start":{"line":38,"column":8},"end":{"line":38,"column":91}},"29":{"start":{"line":39,"column":8},"end":{"line":39,"column":63}},"30":{"start":{"line":40,"column":8},"end":{"line":40,"column":90}},"31":{"start":{"line":41,"column":8},"end":{"line":44,"column":9}},"32":{"start":{"line":42,"column":12},"end":{"line":42,"column":100}},"33":{"start":{"line":43,"column":12},"end":{"line":43,"column":73}},"34":{"start":{"line":45,"column":23},"end":{"line":47,"column":35}},"35":{"start":{"line":48,"column":31},"end":{"line":53,"column":10}},"36":{"start":{"line":51,"column":20},"end":{"line":51,"column":50}},"37":{"start":{"line":54,"column":35},"end":{"line":54,"column":37}},"38":{"start":{"line":55,"column":38},"end":{"line":62,"column":9}},"39":{"start":{"line":63,"column":8},"end":{"line":65,"column":9}},"40":{"start":{"line":64,"column":12},"end":{"line":64,"column":95}},"41":{"start":{"line":66,"column":21},"end":{"line":74,"column":10}},"42":{"start":{"line":75,"column":8},"end":{"line":75,"column":36}},"43":{"start":{"line":78,"column":0},"end":{"line":78,"column":36}}},"fnMap":{"0":{"name":"getWorkspace","decl":{"start":{"line":10,"column":9},"end":{"line":10,"column":21}},"loc":{"start":{"line":10,"column":28},"end":{"line":18,"column":1}},"line":10},"1":{"name":"filterTemplates","decl":{"start":{"line":20,"column":9},"end":{"line":20,"column":24}},"loc":{"start":{"line":20,"column":34},"end":{"line":28,"column":1}},"line":20},"2":{"name":"(anonymous_2)","decl":{"start":{"line":22,"column":35},"end":{"line":22,"column":36}},"loc":{"start":{"line":22,"column":43},"end":{"line":22,"column":105}},"line":22},"3":{"name":"(anonymous_3)","decl":{"start":{"line":25,"column":35},"end":{"line":25,"column":36}},"loc":{"start":{"line":25,"column":43},"end":{"line":25,"column":103}},"line":25},"4":{"name":"(anonymous_4)","decl":{"start":{"line":27,"column":31},"end":{"line":27,"column":32}},"loc":{"start":{"line":27,"column":39},"end":{"line":27,"column":60}},"line":27},"5":{"name":"createOrEdit","decl":{"start":{"line":31,"column":9},"end":{"line":31,"column":21}},"loc":{"start":{"line":31,"column":31},"end":{"line":77,"column":1}},"line":31},"6":{"name":"(anonymous_6)","decl":{"start":{"line":32,"column":11},"end":{"line":32,"column":12}},"loc":{"start":{"line":32,"column":31},"end":{"line":76,"column":5}},"line":32},"7":{"name":"(anonymous_7)","decl":{"start":{"line":51,"column":12},"end":{"line":51,"column":13}},"loc":{"start":{"line":51,"column":18},"end":{"line":51,"column":52}},"line":51}},"branchMap":{"0":{"loc":{"start":{"line":13,"column":4},"end":{"line":15,"column":5}},"type":"if","locations":[{"start":{"line":13,"column":4},"end":{"line":15,"column":5}},{"start":{"line":13,"column":4},"end":{"line":15,"column":5}}],"line":13},"1":{"loc":{"start":{"line":21,"column":4},"end":{"line":23,"column":5}},"type":"if","locations":[{"start":{"line":21,"column":4},"end":{"line":23,"column":5}},{"start":{"line":21,"column":4},"end":{"line":23,"column":5}}],"line":21},"2":{"loc":{"start":{"line":22,"column":43},"end":{"line":22,"column":105}},"type":"binary-expr","locations":[{"start":{"line":22,"column":43},"end":{"line":22,"column":64}},{"start":{"line":22,"column":68},"end":{"line":22,"column":105}}],"line":22},"3":{"loc":{"start":{"line":24,"column":4},"end":{"line":26,"column":5}},"type":"if","locations":[{"start":{"line":24,"column":4},"end":{"line":26,"column":5}},{"start":{"line":24,"column":4},"end":{"line":26,"column":5}}],"line":24},"4":{"loc":{"start":{"line":25,"column":43},"end":{"line":25,"column":103}},"type":"binary-expr","locations":[{"start":{"line":25,"column":43},"end":{"line":25,"column":64}},{"start":{"line":25,"column":68},"end":{"line":25,"column":103}}],"line":25},"5":{"loc":{"start":{"line":34,"column":8},"end":{"line":36,"column":9}},"type":"if","locations":[{"start":{"line":34,"column":8},"end":{"line":36,"column":9}},{"start":{"line":34,"column":8},"end":{"line":36,"column":9}}],"line":34},"6":{"loc":{"start":{"line":41,"column":8},"end":{"line":44,"column":9}},"type":"if","locations":[{"start":{"line":41,"column":8},"end":{"line":44,"column":9}},{"start":{"line":41,"column":8},"end":{"line":44,"column":9}}],"line":41},"7":{"loc":{"start":{"line":45,"column":23},"end":{"line":47,"column":35}},"type":"cond-expr","locations":[{"start":{"line":46,"column":14},"end":{"line":46,"column":62}},{"start":{"line":47,"column":14},"end":{"line":47,"column":35}}],"line":45},"8":{"loc":{"start":{"line":63,"column":8},"end":{"line":65,"column":9}},"type":"if","locations":[{"start":{"line":63,"column":8},"end":{"line":65,"column":9}},{"start":{"line":63,"column":8},"end":{"line":65,"column":9}}],"line":63},"9":{"loc":{"start":{"line":70,"column":16},"end":{"line":70,"column":114}},"type":"cond-expr","locations":[{"start":{"line":70,"column":36},"end":{"line":70,"column":92}},{"start":{"line":70,"column":95},"end":{"line":70,"column":114}}],"line":70}},"s":{"0":1,"1":1,"2":1,"3":1,"4":1,"5":1,"6":1,"7":1,"8":1,"9":1,"10":1,"11":0,"12":1,"13":1,"14":1,"15":1,"16":1,"17":4,"18":0,"19":0,"20":0,"21":0,"22":0,"23":1,"24":1,"25":1,"26":0,"27":1,"28":1,"29":1,"30":1,"31":1,"32":0,"33":0,"34":1,"35":1,"36":1,"37":1,"38":1,"39":1,"40":0,"41":1,"42":1,"43":1},"f":{"0":1,"1":1,"2":4,"3":0,"4":0,"5":1,"6":1,"7":1},"b":{"0":[0,1],"1":[1,0],"2":[4,4],"3":[0,0],"4":[0,0],"5":[0,1],"6":[0,1],"7":[1,0],"8":[0,1],"9":[0,1]},"_coverageSchema":"43e27e138ebf9cfc5966b082cf9a028302ed4184","hash":"380fcd7ec5e2aab8ece6ae31bb16b3d4a86d647e","contentHash":"3d6ad6da03f5449b1cf2feb6407903c5b50e35281316c19f3a4a53fd431f33eb"}}